#
# A fatal error has been detected by the Java Runtime Environment:
#
#  Internal Error (safepoint.cpp:318), pid=1924, tid=11523
#  guarantee(PageArmed == 0) failed: invariant
#
# JRE version: Java(TM) SE Runtime Environment (7.0_40-b43) (build 1.7.0_40-b43)
# Java VM: Java HotSpot(TM) 64-Bit Server VM (24.0-b56 mixed mode bsd-amd64 compressed oops)
# Failed to write core dump. Core dumps have been disabled. To enable core dumping, try "ulimit -c unlimited" before starting Java again
#
# If you would like to submit a bug report, please visit:
#   http://bugreport.sun.com/bugreport/crash.jsp
#

---------------  T H R E A D  ---------------

Current thread (0x00007f919a010000):  VMThread [stack: 0x0000000116825000,0x0000000116925000] [id=11523]

Stack: [0x0000000116825000,0x0000000116925000],  sp=0x00000001169249a0,  free space=1022k
Native frames: (J=compiled Java code, j=interpreted, Vv=VM code, C=native code)
V  [libjvm.dylib+0x5245f9]  VMError::report_and_die()+0x5d5
V  [libjvm.dylib+0x1ebd3d]  report_vm_error(char const*, int, char const*, char const*)+0x54
V  [libjvm.dylib+0x46d762]  SafepointSynchronize::begin()+0x2b2
V  [libjvm.dylib+0x52a00d]  VMThread::loop()+0x209
V  [libjvm.dylib+0x529a6b]  VMThread::run()+0x79
V  [libjvm.dylib+0x41a8e1]  java_start(Thread*)+0xd5
C  [libsystem_pthread.dylib+0x1899]  _pthread_body+0x8a
C  [libsystem_pthread.dylib+0x172a]  _pthread_struct_init+0x0
C  [libsystem_pthread.dylib+0x5fc9]  thread_start+0xd


---------------  P R O C E S S  ---------------

Java Threads: ( => current thread )
  0x00007f919a825800 JavaThread "Service Thread" daemon [_thread_blocked, id=19203, stack(0x0000000116f76000,0x0000000117076000)]
  0x00007f919a80d000 JavaThread "C2 CompilerThread1" daemon [_thread_blocked, id=18691, stack(0x0000000116e73000,0x0000000116f73000)]
  0x00007f919a012000 JavaThread "C2 CompilerThread0" daemon [_thread_blocked, id=18179, stack(0x0000000116d70000,0x0000000116e70000)]
  0x00007f919b048000 JavaThread "Signal Dispatcher" daemon [_thread_blocked, id=17667, stack(0x0000000116c6d000,0x0000000116d6d000)]
  0x00007f919a80b000 JavaThread "Finalizer" daemon [_thread_blocked, id=12547, stack(0x0000000116a2b000,0x0000000116b2b000)]
  0x00007f919a808800 JavaThread "Reference Handler" daemon [_thread_blocked, id=12035, stack(0x0000000116928000,0x0000000116a28000)]
  0x00007f919b001000 JavaThread "main" [_thread_in_Java, id=3335, stack(0x000000010e49b000,0x000000010e59b000)]

Other Threads:
=>0x00007f919a010000 VMThread [stack: 0x0000000116825000,0x0000000116925000] [id=11523]
  0x00007f919a821000 WatcherThread [stack: 0x0000000117079000,0x0000000117179000] [id=19715]

VM state:synchronizing (normal execution)

VM Mutex/Monitor currently owned by a thread:  ([mutex/lock_event])
[0x00007f9199d08540] Safepoint_lock - owner thread: 0x00007f919a010000
[0x00007f9199d085c0] Threads_lock - owner thread: 0x00007f919a010000

Heap
 PSYoungGen      total 36352K, used 32864K [0x00000007eaa80000, 0x00000007ed080000, 0x0000000800000000)
  eden space 33792K, 89% used [0x00000007eaa80000,0x00000007ec81d028,0x00000007ecb80000)
  from space 2560K, 99% used [0x00000007ece00000,0x00000007ed07b190,0x00000007ed080000)
  to   space 2560K, 0% used [0x00000007ecb80000,0x00000007ecb80000,0x00000007ece00000)
 ParOldGen       total 43520K, used 2748K [0x00000007c0000000, 0x00000007c2a80000, 0x00000007eaa80000)
  object space 43520K, 6% used [0x00000007c0000000,0x00000007c02af2b8,0x00000007c2a80000)
 PSPermGen       total 21504K, used 16307K [0x00000007bae00000, 0x00000007bc300000, 0x00000007c0000000)
  object space 21504K, 75% used [0x00000007bae00000,0x00000007bbdecf08,0x00000007bc300000)

Card table byte_map: [0x0000000112912000,0x0000000112b3c000] byte_map_base: 0x000000010eb3b000

Polling page: 0x000000010e5da000

Code Cache  [0x000000010f852000, 0x000000010fac2000, 0x0000000112852000)
 total_blobs=399 nmethods=150 adapters=203 free_code_cache=48469Kb largest_free_block=49605504

Compilation events (10 events):
Event: 1.584 Thread 0x00007f919a80d000 nmethod 145 0x000000010f8f9310 code [0x000000010f8f9460, 0x000000010f8f94f8]
Event: 1.584 Thread 0x00007f919a80d000  147             org.apache.commons.math3.linear.MatrixUtils::checkRowIndex (45 bytes)
Event: 1.585 Thread 0x00007f919a012000 nmethod 146 0x000000010f8f8fd0 code [0x000000010f8f9120, 0x000000010f8f91f8]
Event: 1.585 Thread 0x00007f919a012000  148             org.apache.commons.math3.linear.BlockRealMatrix::getEntry (58 bytes)
Event: 1.585 Thread 0x00007f919a80d000 nmethod 147 0x000000010f8fccd0 code [0x000000010f8fce20, 0x000000010f8fceb8]
Event: 1.585 Thread 0x00007f919a80d000  149 % !         org.apache.commons.math3.linear.AbstractRealMatrix::operate @ 75 (132 bytes)
Event: 1.587 Thread 0x00007f919a012000 nmethod 148 0x000000010f8fded0 code [0x000000010f8fe020, 0x000000010f8fe1d8]
Event: 1.610 Thread 0x00007f919a80d000 nmethod 149% 0x000000010f8ffc50 code [0x000000010f8ffe20, 0x000000010f900b58]
Event: 1.613 Thread 0x00007f919a012000  150   !         org.apache.commons.math3.linear.AbstractRealMatrix::operate (132 bytes)
Event: 1.629 Thread 0x00007f919a012000 nmethod 150 0x000000010f901710 code [0x000000010f901920, 0x000000010f902748]

GC Heap History (4 events):
Event: 0.465 GC heap before
{Heap before GC invocations=1 (full 0):
 PSYoungGen      total 19456K, used 16896K [0x00000007eaa80000, 0x00000007ec000000, 0x0000000800000000)
  eden space 16896K, 100% used [0x00000007eaa80000,0x00000007ebb00000,0x00000007ebb00000)
  from space 2560K, 0% used [0x00000007ebd80000,0x00000007ebd80000,0x00000007ec000000)
  to   space 2560K, 0% used [0x00000007ebb00000,0x00000007ebb00000,0x00000007ebd80000)
 ParOldGen       total 43520K, used 0K [0x00000007c0000000, 0x00000007c2a80000, 0x00000007eaa80000)
  object space 43520K, 0% used [0x00000007c0000000,0x00000007c0000000,0x00000007c2a80000)
 PSPermGen       total 21504K, used 6366K [0x00000007bae00000, 0x00000007bc300000, 0x00000007c0000000)
  object space 21504K, 29% used [0x00000007bae00000,0x00000007bb437938,0x00000007bc300000)
Event: 0.470 GC heap after
Heap after GC invocations=1 (full 0):
 PSYoungGen      total 19456K, used 2537K [0x00000007eaa80000, 0x00000007ed080000, 0x0000000800000000)
  eden space 16896K, 0% used [0x00000007eaa80000,0x00000007eaa80000,0x00000007ebb00000)
  from space 2560K, 99% used [0x00000007ebb00000,0x00000007ebd7a688,0x00000007ebd80000)
  to   space 2560K, 0% used [0x00000007ece00000,0x00000007ece00000,0x00000007ed080000)
 ParOldGen       total 43520K, used 983K [0x00000007c0000000, 0x00000007c2a80000, 0x00000007eaa80000)
  object space 43520K, 2% used [0x00000007c0000000,0x00000007c00f5fc8,0x00000007c2a80000)
 PSPermGen       total 21504K, used 6366K [0x00000007bae00000, 0x00000007bc300000, 0x00000007c0000000)
  object space 21504K, 29% used [0x00000007bae00000,0x00000007bb437938,0x00000007bc300000)
}
Event: 0.822 GC heap before
{Heap before GC invocations=2 (full 0):
 PSYoungGen      total 19456K, used 19433K [0x00000007eaa80000, 0x00000007ed080000, 0x0000000800000000)
  eden space 16896K, 100% used [0x00000007eaa80000,0x00000007ebb00000,0x00000007ebb00000)
  from space 2560K, 99% used [0x00000007ebb00000,0x00000007ebd7a688,0x00000007ebd80000)
  to   space 2560K, 0% used [0x00000007ece00000,0x00000007ece00000,0x00000007ed080000)
 ParOldGen       total 43520K, used 983K [0x00000007c0000000, 0x00000007c2a80000, 0x00000007eaa80000)
  object space 43520K, 2% used [0x00000007c0000000,0x00000007c00f5fc8,0x00000007c2a80000)
 PSPermGen       total 21504K, used 10821K [0x00000007bae00000, 0x00000007bc300000, 0x00000007c0000000)
  object space 21504K, 50% used [0x00000007bae00000,0x00000007bb8916d0,0x00000007bc300000)
Event: 0.828 GC heap after
Heap after GC invocations=2 (full 0):
 PSYoungGen      total 36352K, used 2540K [0x00000007eaa80000, 0x00000007ed080000, 0x0000000800000000)
  eden space 33792K, 0% used [0x00000007eaa80000,0x00000007eaa80000,0x00000007ecb80000)
  from space 2560K, 99% used [0x00000007ece00000,0x00000007ed07b190,0x00000007ed080000)
  to   space 2560K, 0% used [0x00000007ecb80000,0x00000007ecb80000,0x00000007ece00000)
 ParOldGen       total 43520K, used 2748K [0x00000007c0000000, 0x00000007c2a80000, 0x00000007eaa80000)
  object space 43520K, 6% used [0x00000007c0000000,0x00000007c02af2b8,0x00000007c2a80000)
 PSPermGen       total 21504K, used 10821K [0x00000007bae00000, 0x00000007bc300000, 0x00000007c0000000)
  object space 21504K, 50% used [0x00000007bae00000,0x00000007bb8916d0,0x00000007bc300000)
}

Deoptimization events (7 events):
Event: 0.707 Thread 0x00007f919b001000 Uncommon trap: reason=bimorphic action=maybe_recompile pc=0x000000010f8bcd60 method=java.util.HashMap.getEntry(Ljava/lang/Object;)Ljava/util/HashMap$Entry; @ 68
Event: 0.707 Thread 0x00007f919b001000 Uncommon trap: reason=bimorphic action=maybe_recompile pc=0x000000010f8bcd60 method=java.util.HashMap.getEntry(Ljava/lang/Object;)Ljava/util/HashMap$Entry; @ 68
Event: 0.708 Thread 0x00007f919b001000 Uncommon trap: reason=bimorphic action=maybe_recompile pc=0x000000010f8bcd60 method=java.util.HashMap.getEntry(Ljava/lang/Object;)Ljava/util/HashMap$Entry; @ 68
Event: 0.708 Thread 0x00007f919b001000 Uncommon trap: reason=bimorphic action=maybe_recompile pc=0x000000010f8bcd60 method=java.util.HashMap.getEntry(Ljava/lang/Object;)Ljava/util/HashMap$Entry; @ 68
Event: 1.361 Thread 0x00007f919b001000 Uncommon trap: reason=class_check action=maybe_recompile pc=0x000000010f8e40ec method=scala.collection.IndexedSeqOptimized$class.slice(Lscala/collection/IndexedSeqOptimized;II)Ljava/lang/Object; @ 21
Event: 1.362 Thread 0x00007f919b001000 Uncommon trap: reason=class_check action=maybe_recompile pc=0x000000010f8e40ec method=scala.collection.IndexedSeqOptimized$class.slice(Lscala/collection/IndexedSeqOptimized;II)Ljava/lang/Object; @ 21
Event: 1.362 Thread 0x00007f919b001000 Uncommon trap: reason=class_check action=maybe_recompile pc=0x000000010f8e40ec method=scala.collection.IndexedSeqOptimized$class.slice(Lscala/collection/IndexedSeqOptimized;II)Ljava/lang/Object; @ 21

Internal exceptions (10 events):
Event: 1.510 Thread 0x00007f919b001000 Threw 0x00000007ec02fe20 at /HUDSON/workspace/jdk7u40-2-build-macosx-amd64-product/jdk7u40/hotspot/src/share/vm/prims/jvm.cpp:1244
Event: 1.512 Thread 0x00007f919b001000 Threw 0x00000007ec0386a0 at /HUDSON/workspace/jdk7u40-2-build-macosx-amd64-product/jdk7u40/hotspot/src/share/vm/prims/jvm.cpp:1244
Event: 1.513 Thread 0x00007f919b001000 Threw 0x00000007ec03cf28 at /HUDSON/workspace/jdk7u40-2-build-macosx-amd64-product/jdk7u40/hotspot/src/share/vm/prims/jvm.cpp:1244
Event: 1.514 Thread 0x00007f919b001000 Threw 0x00000007ec042a80 at /HUDSON/workspace/jdk7u40-2-build-macosx-amd64-product/jdk7u40/hotspot/src/share/vm/interpreter/interpreterRuntime.cpp:362
Event: 1.514 Thread 0x00007f919b001000 Threw 0x00000007ec044588 at /HUDSON/workspace/jdk7u40-2-build-macosx-amd64-product/jdk7u40/hotspot/src/share/vm/prims/jvm.cpp:1244
Event: 1.514 Thread 0x00007f919b001000 Threw 0x00000007ec048c00 at /HUDSON/workspace/jdk7u40-2-build-macosx-amd64-product/jdk7u40/hotspot/src/share/vm/prims/jvm.cpp:1244
Event: 1.517 Thread 0x00007f919b001000 Threw 0x00000007ec05cc18 at /HUDSON/workspace/jdk7u40-2-build-macosx-amd64-product/jdk7u40/hotspot/src/share/vm/interpreter/interpreterRuntime.cpp:362
Event: 1.521 Thread 0x00007f919b001000 Threw 0x00000007ec0732d8 at /HUDSON/workspace/jdk7u40-2-build-macosx-amd64-product/jdk7u40/hotspot/src/share/vm/interpreter/interpreterRuntime.cpp:362
Event: 1.526 Thread 0x00007f919b001000 Threw 0x00000007ec0796b8 at /HUDSON/workspace/jdk7u40-2-build-macosx-amd64-product/jdk7u40/hotspot/src/share/vm/interpreter/interpreterRuntime.cpp:362
Event: 1.569 Thread 0x00007f919b001000 Threw 0x00000007ec6a7e08 at /HUDSON/workspace/jdk7u40-2-build-macosx-amd64-product/jdk7u40/hotspot/src/share/vm/interpreter/interpreterRuntime.cpp:362

Events (10 events):
Event: 1.510 loading class 0x00007f9199c6e580
Event: 1.510 loading class 0x00007f9199c6e580 done
Event: 1.512 loading class 0x00007f9199c6fc40
Event: 1.512 loading class 0x00007f9199c6fc40 done
Event: 1.513 loading class 0x00007f9199c6fcf0
Event: 1.513 loading class 0x00007f9199c6fcf0 done
Event: 1.514 loading class 0x00007f9199c6d8e0
Event: 1.514 loading class 0x00007f9199c6d8e0 done
Event: 1.514 loading class 0x00007f9199c6d680
Event: 1.514 loading class 0x00007f9199c6d680 done


Dynamic libraries:
0x000000000673c000 	/System/Library/Frameworks/Cocoa.framework/Versions/A/Cocoa
0x000000000673c000 	/System/Library/Frameworks/Security.framework/Versions/A/Security
0x000000000673c000 	/System/Library/Frameworks/ApplicationServices.framework/Versions/A/ApplicationServices
0x000000000673c000 	/usr/lib/libz.1.dylib
0x000000000673c000 	/usr/lib/libSystem.B.dylib
0x000000000673c000 	/usr/lib/libobjc.A.dylib
0x000000000673c000 	/System/Library/Frameworks/CoreFoundation.framework/Versions/A/CoreFoundation
0x000000000673c000 	/System/Library/Frameworks/Foundation.framework/Versions/C/Foundation
0x000000000673c000 	/System/Library/Frameworks/AppKit.framework/Versions/C/AppKit
0x000000000673c000 	/System/Library/Frameworks/CoreData.framework/Versions/A/CoreData
0x000000000673c000 	/System/Library/PrivateFrameworks/RemoteViewServices.framework/Versions/A/RemoteViewServices
0x000000000673c000 	/System/Library/Frameworks/AudioToolbox.framework/Versions/A/AudioToolbox
0x000000000673c000 	/System/Library/Frameworks/AudioUnit.framework/Versions/A/AudioUnit
0x000000000673c000 	/System/Library/PrivateFrameworks/DataDetectorsCore.framework/Versions/A/DataDetectorsCore
0x000000000673c000 	/System/Library/PrivateFrameworks/DesktopServicesPriv.framework/Versions/A/DesktopServicesPriv
0x000000000673c000 	/System/Library/Frameworks/Carbon.framework/Versions/A/Frameworks/HIToolbox.framework/Versions/A/HIToolbox
0x000000000673c000 	/System/Library/Frameworks/QuartzCore.framework/Versions/A/QuartzCore
0x000000000673c000 	/System/Library/Frameworks/Carbon.framework/Versions/A/Frameworks/SpeechRecognition.framework/Versions/A/SpeechRecognition
0x000000000673c000 	/usr/lib/libauto.dylib
0x000000000673c000 	/usr/lib/libicucore.A.dylib
0x000000000673c000 	/usr/lib/libxml2.2.dylib
0x000000000673c000 	/System/Library/PrivateFrameworks/CoreUI.framework/Versions/A/CoreUI
0x000000000673c000 	/System/Library/Frameworks/CoreAudio.framework/Versions/A/CoreAudio
0x000000000673c000 	/System/Library/Frameworks/DiskArbitration.framework/Versions/A/DiskArbitration
0x000000000673c000 	/usr/lib/liblangid.dylib
0x000000000673c000 	/System/Library/PrivateFrameworks/MultitouchSupport.framework/Versions/A/MultitouchSupport
0x000000000673c000 	/System/Library/Frameworks/IOKit.framework/Versions/A/IOKit
0x000000000673c000 	/usr/lib/libDiagnosticMessagesClient.dylib
0x000000000673c000 	/System/Library/Frameworks/CoreServices.framework/Versions/A/CoreServices
0x000000000673c000 	/System/Library/PrivateFrameworks/PerformanceAnalysis.framework/Versions/A/PerformanceAnalysis
0x000000000673c000 	/System/Library/PrivateFrameworks/GenerationalStorage.framework/Versions/A/GenerationalStorage
0x000000000673c000 	/System/Library/Frameworks/OpenGL.framework/Versions/A/OpenGL
0x000000000673c000 	/System/Library/PrivateFrameworks/Sharing.framework/Versions/A/Sharing
0x000000000673c000 	/System/Library/Frameworks/ImageIO.framework/Versions/A/ImageIO
0x000000000673c000 	/System/Library/Frameworks/CoreText.framework/Versions/A/CoreText
0x000000000673c000 	/System/Library/Frameworks/CoreGraphics.framework/Versions/A/CoreGraphics
0x000000000673c000 	/System/Library/PrivateFrameworks/Backup.framework/Versions/A/Backup
0x000000000673c000 	/System/Library/Frameworks/CFNetwork.framework/Versions/A/CFNetwork
0x000000000673c000 	/System/Library/Frameworks/SystemConfiguration.framework/Versions/A/SystemConfiguration
0x000000000673c000 	/usr/lib/libCRFSuite.dylib
0x000000000673c000 	/usr/lib/libc++.1.dylib
0x000000000673c000 	/usr/lib/libc++abi.dylib
0x000000000673c000 	/usr/lib/system/libcache.dylib
0x000000000673c000 	/usr/lib/system/libcommonCrypto.dylib
0x000000000673c000 	/usr/lib/system/libcompiler_rt.dylib
0x000000000673c000 	/usr/lib/system/libcopyfile.dylib
0x000000000673c000 	/usr/lib/system/libcorecrypto.dylib
0x000000000673c000 	/usr/lib/system/libdispatch.dylib
0x000000000673c000 	/usr/lib/system/libdyld.dylib
0x000000000673c000 	/usr/lib/system/libkeymgr.dylib
0x000000000673c000 	/usr/lib/system/liblaunch.dylib
0x000000000673c000 	/usr/lib/system/libmacho.dylib
0x000000000673c000 	/usr/lib/system/libquarantine.dylib
0x000000000673c000 	/usr/lib/system/libremovefile.dylib
0x000000000673c000 	/usr/lib/system/libsystem_asl.dylib
0x000000000673c000 	/usr/lib/system/libsystem_blocks.dylib
0x000000000673c000 	/usr/lib/system/libsystem_c.dylib
0x000000000673c000 	/usr/lib/system/libsystem_configuration.dylib
0x000000000673c000 	/usr/lib/system/libsystem_dnssd.dylib
0x000000000673c000 	/usr/lib/system/libsystem_info.dylib
0x000000000673c000 	/usr/lib/system/libsystem_kernel.dylib
0x000000000673c000 	/usr/lib/system/libsystem_m.dylib
0x000000000673c000 	/usr/lib/system/libsystem_malloc.dylib
0x000000000673c000 	/usr/lib/system/libsystem_network.dylib
0x000000000673c000 	/usr/lib/system/libsystem_notify.dylib
0x000000000673c000 	/usr/lib/system/libsystem_platform.dylib
0x000000000673c000 	/usr/lib/system/libsystem_pthread.dylib
0x000000000673c000 	/usr/lib/system/libsystem_sandbox.dylib
0x000000000673c000 	/usr/lib/system/libsystem_stats.dylib
0x000000000673c000 	/usr/lib/system/libunc.dylib
0x000000000673c000 	/usr/lib/system/libunwind.dylib
0x000000000673c000 	/usr/lib/system/libxpc.dylib
0x000000000673c000 	/usr/lib/libbsm.0.dylib
0x000000000673c000 	/usr/lib/libsqlite3.dylib
0x000000000673c000 	/usr/lib/libxar.1.dylib
0x000000000673c000 	/usr/lib/libpam.2.dylib
0x000000000673c000 	/usr/lib/libOpenScriptingUtil.dylib
0x000000000673c000 	/usr/lib/libbz2.1.0.dylib
0x000000000673c000 	/System/Library/Frameworks/CoreServices.framework/Versions/A/Frameworks/CarbonCore.framework/Versions/A/CarbonCore
0x000000000673c000 	/System/Library/Frameworks/CoreServices.framework/Versions/A/Frameworks/Metadata.framework/Versions/A/Metadata
0x000000000673c000 	/System/Library/Frameworks/CoreServices.framework/Versions/A/Frameworks/OSServices.framework/Versions/A/OSServices
0x000000000673c000 	/System/Library/Frameworks/CoreServices.framework/Versions/A/Frameworks/SearchKit.framework/Versions/A/SearchKit
0x000000000673c000 	/System/Library/Frameworks/CoreServices.framework/Versions/A/Frameworks/AE.framework/Versions/A/AE
0x000000000673c000 	/System/Library/Frameworks/CoreServices.framework/Versions/A/Frameworks/LaunchServices.framework/Versions/A/LaunchServices
0x000000000673c000 	/System/Library/Frameworks/CoreServices.framework/Versions/A/Frameworks/DictionaryServices.framework/Versions/A/DictionaryServices
0x000000000673c000 	/System/Library/Frameworks/NetFS.framework/Versions/A/NetFS
0x000000000673c000 	/usr/lib/system/libkxld.dylib
0x000000000673c000 	/System/Library/PrivateFrameworks/NetAuth.framework/Versions/A/NetAuth
0x000000000673c000 	/System/Library/PrivateFrameworks/TCC.framework/Versions/A/TCC
0x000000000673c000 	/System/Library/Frameworks/OpenDirectory.framework/Versions/A/Frameworks/CFOpenDirectory.framework/Versions/A/CFOpenDirectory
0x000000000673c000 	/System/Library/Frameworks/ServiceManagement.framework/Versions/A/ServiceManagement
0x000000000673c000 	/usr/lib/libxslt.1.dylib
0x000000000673c000 	/System/Library/Frameworks/Carbon.framework/Versions/A/Frameworks/Ink.framework/Versions/A/Ink
0x000000000673c000 	/System/Library/Frameworks/ApplicationServices.framework/Versions/A/Frameworks/ATS.framework/Versions/A/ATS
0x000000000673c000 	/System/Library/Frameworks/ApplicationServices.framework/Versions/A/Frameworks/ColorSync.framework/Versions/A/ColorSync
0x000000000673c000 	/System/Library/Frameworks/ApplicationServices.framework/Versions/A/Frameworks/HIServices.framework/Versions/A/HIServices
0x000000000673c000 	/System/Library/Frameworks/ApplicationServices.framework/Versions/A/Frameworks/LangAnalysis.framework/Versions/A/LangAnalysis
0x000000000673c000 	/System/Library/Frameworks/ApplicationServices.framework/Versions/A/Frameworks/PrintCore.framework/Versions/A/PrintCore
0x000000000673c000 	/System/Library/Frameworks/ApplicationServices.framework/Versions/A/Frameworks/QD.framework/Versions/A/QD
0x000000000673c000 	/System/Library/Frameworks/ApplicationServices.framework/Versions/A/Frameworks/SpeechSynthesis.framework/Versions/A/SpeechSynthesis
0x000000000673c000 	/System/Library/Frameworks/IOSurface.framework/Versions/A/IOSurface
0x000000000673c000 	/System/Library/Frameworks/Accelerate.framework/Versions/A/Accelerate
0x000000000673c000 	/System/Library/Frameworks/Accelerate.framework/Versions/A/Frameworks/vImage.framework/Versions/A/vImage
0x000000000673c000 	/System/Library/Frameworks/Accelerate.framework/Versions/A/Frameworks/vecLib.framework/Versions/A/vecLib
0x000000000673c000 	/System/Library/Frameworks/Accelerate.framework/Versions/A/Frameworks/vecLib.framework/Versions/A/libvDSP.dylib
0x000000000673c000 	/System/Library/Frameworks/Accelerate.framework/Versions/A/Frameworks/vecLib.framework/Versions/A/libvMisc.dylib
0x000000000673c000 	/System/Library/Frameworks/Accelerate.framework/Versions/A/Frameworks/vecLib.framework/Versions/A/libLAPACK.dylib
0x000000000673c000 	/System/Library/Frameworks/Accelerate.framework/Versions/A/Frameworks/vecLib.framework/Versions/A/libBLAS.dylib
0x000000000673c000 	/System/Library/Frameworks/ApplicationServices.framework/Versions/A/Frameworks/ATS.framework/Versions/A/Resources/libFontParser.dylib
0x000000000673c000 	/System/Library/Frameworks/ApplicationServices.framework/Versions/A/Frameworks/ATS.framework/Versions/A/Resources/libFontRegistry.dylib
0x000000000673c000 	/System/Library/Frameworks/ImageIO.framework/Versions/A/Resources/libJPEG.dylib
0x000000000673c000 	/System/Library/Frameworks/ImageIO.framework/Versions/A/Resources/libTIFF.dylib
0x000000000673c000 	/System/Library/Frameworks/ImageIO.framework/Versions/A/Resources/libPng.dylib
0x000000000673c000 	/System/Library/Frameworks/ImageIO.framework/Versions/A/Resources/libGIF.dylib
0x000000000673c000 	/System/Library/Frameworks/ImageIO.framework/Versions/A/Resources/libJP2.dylib
0x000000000673c000 	/System/Library/Frameworks/ImageIO.framework/Versions/A/Resources/libRadiance.dylib
0x000000000673c000 	/usr/lib/libcups.2.dylib
0x000000000673c000 	/System/Library/Frameworks/Kerberos.framework/Versions/A/Kerberos
0x000000000673c000 	/System/Library/Frameworks/GSS.framework/Versions/A/GSS
0x000000000673c000 	/usr/lib/libresolv.9.dylib
0x000000000673c000 	/usr/lib/libiconv.2.dylib
0x000000000673c000 	/System/Library/PrivateFrameworks/Heimdal.framework/Versions/A/Heimdal
0x000000000673c000 	/System/Library/PrivateFrameworks/TrustEvaluationAgent.framework/Versions/A/TrustEvaluationAgent
0x000000000673c000 	/usr/lib/libheimdal-asn1.dylib
0x000000000673c000 	/System/Library/Frameworks/OpenDirectory.framework/Versions/A/OpenDirectory
0x000000000673c000 	/System/Library/PrivateFrameworks/CommonAuth.framework/Versions/A/CommonAuth
0x000000000673c000 	/System/Library/Frameworks/SecurityFoundation.framework/Versions/A/SecurityFoundation
0x000000000673c000 	/System/Library/PrivateFrameworks/Bom.framework/Versions/A/Bom
0x000000000673c000 	/System/Library/Frameworks/CoreVideo.framework/Versions/A/CoreVideo
0x000000000673c000 	/System/Library/Frameworks/QuartzCore.framework/Versions/A/Frameworks/CoreImage.framework/Versions/A/CoreImage
0x000000000673c000 	/System/Library/Frameworks/QuartzCore.framework/Versions/A/Frameworks/ScalableUserInterface.framework/Versions/A/ScalableUserInterface
0x000000000673c000 	/System/Library/Frameworks/OpenGL.framework/Versions/A/Libraries/libGLU.dylib
0x000000000673c000 	/System/Library/Frameworks/OpenGL.framework/Versions/A/Libraries/libGFXShared.dylib
0x000000000673c000 	/System/Library/Frameworks/OpenGL.framework/Versions/A/Libraries/libGL.dylib
0x000000000673c000 	/System/Library/Frameworks/OpenGL.framework/Versions/A/Libraries/libGLImage.dylib
0x000000000673c000 	/System/Library/Frameworks/OpenGL.framework/Versions/A/Libraries/libCVMSPluginSupport.dylib
0x000000000673c000 	/System/Library/Frameworks/OpenGL.framework/Versions/A/Libraries/libCoreVMClient.dylib
0x000000000673c000 	/System/Library/PrivateFrameworks/FaceCore.framework/Versions/A/FaceCore
0x000000000673c000 	/System/Library/PrivateFrameworks/CrashReporterSupport.framework/Versions/A/CrashReporterSupport
0x000000000673c000 	/System/Library/Frameworks/OpenCL.framework/Versions/A/OpenCL
0x000000000673c000 	/System/Library/PrivateFrameworks/AppleFSCompression.framework/Versions/A/AppleFSCompression
0x000000000673c000 	/System/Library/PrivateFrameworks/Ubiquity.framework/Versions/A/Ubiquity
0x000000000673c000 	/System/Library/PrivateFrameworks/IconServices.framework/Versions/A/IconServices
0x000000000673c000 	/System/Library/PrivateFrameworks/ChunkingLibrary.framework/Versions/A/ChunkingLibrary
0x000000000673c000 	/System/Library/PrivateFrameworks/CoreSymbolication.framework/Versions/A/CoreSymbolication
0x000000000673c000 	/System/Library/PrivateFrameworks/Symbolication.framework/Versions/A/Symbolication
0x000000000673c000 	/System/Library/PrivateFrameworks/DebugSymbols.framework/Versions/A/DebugSymbols
0x000000010ee00000 	/Library/Java/JavaVirtualMachines/jdk1.7.0_40.jdk/Contents/Home/jre/lib/server/libjvm.dylib
0x000000000673c000 	/usr/lib/libstdc++.6.dylib
0x000000010e59d000 	/Library/Java/JavaVirtualMachines/jdk1.7.0_40.jdk/Contents/Home/jre/lib/libverify.dylib
0x000000010e5aa000 	/Library/Java/JavaVirtualMachines/jdk1.7.0_40.jdk/Contents/Home/jre/lib/libjava.dylib
0x000000010e5e4000 	/Library/Java/JavaVirtualMachines/jdk1.7.0_40.jdk/Contents/Home/jre/lib/libzip.dylib
0x0000000116b2d000 	/System/Library/Frameworks/JavaVM.framework/Frameworks/JavaRuntimeSupport.framework/JavaRuntimeSupport
0x0000000116b45000 	/System/Library/Frameworks/JavaVM.framework/Versions/A/Frameworks/JavaNativeFoundation.framework/Versions/A/JavaNativeFoundation
0x000000010e5ed000 	/System/Library/Frameworks/JavaVM.framework/Versions/A/JavaVM
0x000000000673c000 	/System/Library/Frameworks/Carbon.framework/Versions/A/Carbon
0x0000000116b5a000 	/System/Library/PrivateFrameworks/JavaLaunching.framework/Versions/A/JavaLaunching
0x000000000673c000 	/System/Library/Frameworks/Carbon.framework/Versions/A/Frameworks/CommonPanels.framework/Versions/A/CommonPanels
0x000000000673c000 	/System/Library/Frameworks/Carbon.framework/Versions/A/Frameworks/Help.framework/Versions/A/Help
0x000000000673c000 	/System/Library/Frameworks/Carbon.framework/Versions/A/Frameworks/ImageCapture.framework/Versions/A/ImageCapture
0x000000000673c000 	/System/Library/Frameworks/Carbon.framework/Versions/A/Frameworks/OpenScripting.framework/Versions/A/OpenScripting
0x000000000673c000 	/System/Library/Frameworks/Carbon.framework/Versions/A/Frameworks/Print.framework/Versions/A/Print
0x000000000673c000 	/System/Library/Frameworks/Carbon.framework/Versions/A/Frameworks/SecurityHI.framework/Versions/A/SecurityHI

VM Arguments:
java_command: build/jar/Ammolite.jar test-mcs -f molecule_sets/smalls/caff_viagra.sdf
Launcher Type: SUN_STANDARD

Environment Variables:
PATH=/usr/bin:/bin:/usr/sbin:/sbin:/usr/local/bin:/opt/X11/bin:/usr/local/git/bin:/usr/texbin
SHELL=/bin/bash
DISPLAY=/tmp/launch-0J0zCV/org.macosforge.xquartz:0

Signal Handlers:
SIGSEGV: [libjvm.dylib+0x524b25], sa_mask[0]=0xfffefeff, sa_flags=0x00000043
SIGBUS: [libjvm.dylib+0x524b25], sa_mask[0]=0xfffefeff, sa_flags=0x00000042
SIGFPE: [libjvm.dylib+0x4180e6], sa_mask[0]=0xfffefeff, sa_flags=0x00000042
SIGPIPE: [libjvm.dylib+0x4180e6], sa_mask[0]=0xfffefeff, sa_flags=0x00000042
SIGXFSZ: [libjvm.dylib+0x4180e6], sa_mask[0]=0xfffefeff, sa_flags=0x00000042
SIGILL: [libjvm.dylib+0x4180e6], sa_mask[0]=0xfffefeff, sa_flags=0x00000042
SIGUSR1: SIG_DFL, sa_mask[0]=0x63807efb, sa_flags=0x00000000
SIGUSR2: [libjvm.dylib+0x417bd8], sa_mask[0]=0x00000000, sa_flags=0x00000042
SIGHUP: [libjvm.dylib+0x415e67], sa_mask[0]=0xfffefeff, sa_flags=0x00000042
SIGINT: [libjvm.dylib+0x415e67], sa_mask[0]=0xfffefeff, sa_flags=0x00000042
SIGTERM: [libjvm.dylib+0x415e67], sa_mask[0]=0xfffefeff, sa_flags=0x00000042
SIGQUIT: [libjvm.dylib+0x415e67], sa_mask[0]=0xfffefeff, sa_flags=0x00000042


---------------  S Y S T E M  ---------------

OS:Bsduname:Darwin 13.2.0 Darwin Kernel Version 13.2.0: Thu Apr 17 23:03:13 PDT 2014; root:xnu-2422.100.13~1/RELEASE_X86_64 x86_64
rlimit: STACK 8192k, CORE 0k, NPROC 709, NOFILE 10240, AS infinity
load average:3.29 3.45 3.12

CPU:total 4 (2 cores per cpu, 2 threads per core) family 6 model 58 stepping 9, cmov, cx8, fxsr, mmx, sse, sse2, sse3, ssse3, sse4.1, sse4.2, popcnt, avx, aes, erms, ht, tsc, tscinvbit, tscinv

Memory: 4k page, physical 4194304k(1048576k free)

/proc/meminfo:


vm_info: Java HotSpot(TM) 64-Bit Server VM (24.0-b56) for bsd-amd64 JRE (1.7.0_40-b43), built on Aug 26 2013 21:29:19 by "java_re" with gcc 4.2.1 (Based on Apple Inc. build 5658) (LLVM build 2336.11.00)

time: Mon Jun 30 14:42:06 2014
elapsed time: 585 seconds

