#
# A fatal error has been detected by the Java Runtime Environment:
#
#  SIGSEGV (0xb) at pc=0x000000012861f35f, pid=15508, tid=19715
#
# JRE version: Java(TM) SE Runtime Environment (8.0_20-b26) (build 1.8.0_20-b26)
# Java VM: Java HotSpot(TM) 64-Bit Server VM (25.20-b23 mixed mode bsd-amd64 compressed oops)
# Problematic frame:
# C  [libfmcsjni.dylib+0x2a35f]  _ZNSt3__1plIcNS_11char_traitsIcEENS_9allocatorIcEEEENS_12basic_stringIT_T0_T1_EERKS9_PKS6_+0x17f
#
# Failed to write core dump. Core dumps have been disabled. To enable core dumping, try "ulimit -c unlimited" before starting Java again
#
# If you would like to submit a bug report, please visit:
#   http://bugreport.sun.com/bugreport/crash.jsp
# The crash happened outside the Java Virtual Machine in native code.
# See problematic frame for where to report the bug.
#

---------------  T H R E A D  ---------------

Current thread (0x00007f95530eb000):  JavaThread "pool-1-thread-2" [_thread_in_native, id=19715, stack(0x0000000128d5d000,0x0000000128e5d000)]

siginfo: si_signo: 11 (SIGSEGV), si_code: 1 (SEGV_MAPERR), si_addr: 0x0000000000000000

Registers:
RAX=0x0000000000000000, RBX=0xffffffffffffffff, RCX=0x0000000000000000, RDX=0x0000000128e596d0
RSP=0x0000000128e58780, RBP=0x0000000128e589a0, RSI=0x0000000128e596d0, RDI=0x0000000128e596d0
R8 =0x0000000128e58888, R9 =0x0000000128e58800, R10=0x0000000000000000, R11=0x0000000128e59710
R12=0x0000000000000000, R13=0x000000012854dfe8, R14=0x0000000128e5c5e0, R15=0x00007f95530eb000
RIP=0x000000012861f35f, EFLAGS=0x0000000000010246, ERR=0x0000000000000004
  TRAPNO=0x000000000000000e

Top of Stack: (sp=0x0000000128e58780)
0x0000000128e58780:   ffffffff280197b8 0000000000000000
0x0000000128e58790:   0000000100000006 0000000128e58860
0x0000000128e587a0:   0a00000128e58b01 0000000128e59730
0x0000000128e587b0:   0000000128e59760 0000000128e587a0
0x0000000128e587c0:   00000001280097b8 0000000128e596d0
0x0000000128e587d0:   0000000128e596d0 0000000128e59730
0x0000000128e587e0:   0000000000000000 0000000128e59730
0x0000000128e587f0:   0000000128e59730 0000000128e59730
0x0000000128e58800:   0000000128e587c2 0000000128651795
0x0000000128e58810:   0000000000000000 0000000000000000
0x0000000128e58820:   0000000128e59730 0000000000000000
0x0000000128e58830:   0000000000000000 0000000000000000
0x0000000128e58840:   0000000128e58800 0000000128e596d0
0x0000000128e58850:   0000000128e597b8 0000000128e58800
0x0000000128e58860:   0000000128e596d0 0000000128e596d0
0x0000000128e58870:   0000000128e597b8 0000000128e597b8
0x0000000128e58880:   0000000128e596d0 0000000128e59730
0x0000000128e58890:   0000000128e58888 0000000128e596d0
0x0000000128e588a0:   0000000128e597e0 0000000128e588a0
0x0000000128e588b0:   0000000328e597e0 0000000128e596d0
0x0000000128e588c0:   0000000128e596d0 0000000128e596d0
0x0000000128e588d0:   0000000128e596d0 0000000128e597b8
0x0000000128e588e0:   0000000128e597b8 0000000128e597b8
0x0000000128e588f0:   0000000128e597b8 0000000128e597b8
0x0000000128e58900:   0000000128e597b9 0000000128e597b9
0x0000000128e58910:   0000000128e595b0 00007f9551729e30
0x0000000128e58920:   000000000000002f 0000000128e597b9
0x0000000128e58930:   0000000128e597b8 0000000128e597b8
0x0000000128e58940:   0000000128e597b8 0000000128e597b8
0x0000000128e58950:   0000000000000000 0000000000000000
0x0000000128e58960:   0000000000000000 0000000000000000
0x0000000128e58970:   0000000128e597b9 00007fff74cfac70 

Instructions: (pc=0x000000012861f35f)
0x000000012861f33f:   48 89 45 b0 48 8b 45 b0 48 89 45 b8 48 8b 4d b8
0x000000012861f34f:   48 89 4d c0 48 8b 4d c0 48 89 4d c8 48 8b 4d c8
0x000000012861f35f:   0f b6 11 81 e2 01 00 00 00 81 fa 00 00 00 00 48
0x000000012861f36f:   89 85 20 fe ff ff 0f 84 2f 00 00 00 48 8b 85 20 

Register to memory mapping:

RAX=0x0000000000000000 is an unknown value
RBX=0xffffffffffffffff is an unknown value
RCX=0x0000000000000000 is an unknown value
RDX=0x0000000128e596d0 is pointing into the stack for thread: 0x00007f95530eb000
RSP=0x0000000128e58780 is pointing into the stack for thread: 0x00007f95530eb000
RBP=0x0000000128e589a0 is pointing into the stack for thread: 0x00007f95530eb000
RSI=0x0000000128e596d0 is pointing into the stack for thread: 0x00007f95530eb000
RDI=0x0000000128e596d0 is pointing into the stack for thread: 0x00007f95530eb000
R8 =0x0000000128e58888 is pointing into the stack for thread: 0x00007f95530eb000
R9 =0x0000000128e58800 is pointing into the stack for thread: 0x00007f95530eb000
R10=0x0000000000000000 is an unknown value
R11=0x0000000128e59710 is pointing into the stack for thread: 0x00007f95530eb000
R12=0x0000000000000000 is an unknown value
R13={method} {0x000000012854dfe8} 'mcsSize' '(Ljava/lang/String;Ljava/lang/String;)I' in 'edu/mit/csail/ammolite/mcs/InterfaceFMCS'
R14=0x0000000128e5c5e0 is pointing into the stack for thread: 0x00007f95530eb000
R15=0x00007f95530eb000 is a thread


Stack: [0x0000000128d5d000,0x0000000128e5d000],  sp=0x0000000128e58780,  free space=1005k
Native frames: (J=compiled Java code, j=interpreted, Vv=VM code, C=native code)
C  [libfmcsjni.dylib+0x2a35f]  _ZNSt3__1plIcNS_11char_traitsIcEENS_9allocatorIcEEEENS_12basic_stringIT_T0_T1_EERKS9_PKS6_+0x17f
C  [libfmcsjni.dylib+0x21f24]  _ZNK4FMCS11MCSCompound8subgraphEPKmmRKNSt3__112basic_stringIcNS3_11char_traitsIcEENS3_9allocatorIcEEEE+0xe64
C  [libfmcsjni.dylib+0x5b92]  _ZN4FMCS3MCS9calculateEv+0x17d2
C  [libfmcsjni.dylib+0x1403]  Java_edu_mit_csail_ammolite_mcs_InterfaceFMCS_mcsSize+0x3a3
j  edu.mit.csail.ammolite.mcs.InterfaceFMCS.mcsSize(Ljava/lang/String;Ljava/lang/String;)I+0
j  edu.mit.csail.ammolite.mcs.InterfaceFMCS.getMCSSize(Ljava/lang/String;Ljava/lang/String;)I+3
j  edu.mit.csail.ammolite.mcs.MCS.getFMCSOverlap(Lorg/openscience/cdk/interfaces/IAtomContainer;Lorg/openscience/cdk/interfaces/IAtomContainer;)I+32
j  edu.mit.csail.ammolite.tests.Ammolite_QuerywiseParallel_FMCS$CoarseConsumer.run()V+34
j  java.util.concurrent.Executors$RunnableAdapter.call()Ljava/lang/Object;+4
j  java.util.concurrent.FutureTask.run()V+42
j  java.util.concurrent.ThreadPoolExecutor.runWorker(Ljava/util/concurrent/ThreadPoolExecutor$Worker;)V+95
j  java.util.concurrent.ThreadPoolExecutor$Worker.run()V+5
j  java.lang.Thread.run()V+11
v  ~StubRoutines::call_stub
V  [libjvm.dylib+0x2d429e]
V  [libjvm.dylib+0x2d4a2c]
V  [libjvm.dylib+0x2d4bd8]
V  [libjvm.dylib+0x32562b]
V  [libjvm.dylib+0x535a51]
V  [libjvm.dylib+0x537194]
V  [libjvm.dylib+0x45d35a]
C  [libsystem_pthread.dylib+0x3268]  _pthread_body+0x83
C  [libsystem_pthread.dylib+0x31e5]  _pthread_body+0x0
C  [libsystem_pthread.dylib+0x141d]  thread_start+0xd
C  0x0000000000000000

Java frames: (J=compiled Java code, j=interpreted, Vv=VM code)
j  edu.mit.csail.ammolite.mcs.InterfaceFMCS.mcsSize(Ljava/lang/String;Ljava/lang/String;)I+0
j  edu.mit.csail.ammolite.mcs.InterfaceFMCS.getMCSSize(Ljava/lang/String;Ljava/lang/String;)I+3
j  edu.mit.csail.ammolite.mcs.MCS.getFMCSOverlap(Lorg/openscience/cdk/interfaces/IAtomContainer;Lorg/openscience/cdk/interfaces/IAtomContainer;)I+32
j  edu.mit.csail.ammolite.tests.Ammolite_QuerywiseParallel_FMCS$CoarseConsumer.run()V+34
j  java.util.concurrent.Executors$RunnableAdapter.call()Ljava/lang/Object;+4
j  java.util.concurrent.FutureTask.run()V+42
j  java.util.concurrent.ThreadPoolExecutor.runWorker(Ljava/util/concurrent/ThreadPoolExecutor$Worker;)V+95
j  java.util.concurrent.ThreadPoolExecutor$Worker.run()V+5
j  java.lang.Thread.run()V+11
v  ~StubRoutines::call_stub

---------------  P R O C E S S  ---------------

Java Threads: ( => current thread )
=>0x00007f95530eb000 JavaThread "pool-1-thread-2" [_thread_in_native, id=19715, stack(0x0000000128d5d000,0x0000000128e5d000)]
  0x00007f955263f000 JavaThread "pool-1-thread-1" [_thread_in_native, id=19203, stack(0x0000000128c5a000,0x0000000128d5a000)]
  0x00007f9552858000 JavaThread "Service Thread" daemon [_thread_blocked, id=18179, stack(0x000000012762a000,0x000000012772a000)]
  0x00007f9552845800 JavaThread "C1 CompilerThread2" daemon [_thread_blocked, id=17667, stack(0x0000000127527000,0x0000000127627000)]
  0x00007f9552844800 JavaThread "C2 CompilerThread1" daemon [_thread_in_native, id=17155, stack(0x0000000127424000,0x0000000127524000)]
  0x00007f9552843000 JavaThread "C2 CompilerThread0" daemon [_thread_in_native, id=16643, stack(0x0000000127321000,0x0000000127421000)]
  0x00007f955281f800 JavaThread "Signal Dispatcher" daemon [_thread_blocked, id=16159, stack(0x000000012721e000,0x000000012731e000)]
  0x00007f9552049800 JavaThread "Finalizer" daemon [_thread_blocked, id=11523, stack(0x00000001258e5000,0x00000001259e5000)]
  0x00007f9552048800 JavaThread "Reference Handler" daemon [_thread_blocked, id=11011, stack(0x00000001257e2000,0x00000001258e2000)]
  0x00007f9552800000 JavaThread "main" [_thread_blocked, id=3591, stack(0x000000010f91c000,0x000000010fa1c000)]

Other Threads:
  0x00007f9552044000 VMThread [stack: 0x00000001256df000,0x00000001257df000] [id=10499]
  0x00007f9552859000 WatcherThread [stack: 0x000000012772d000,0x000000012782d000] [id=18691]

VM state:not at safepoint (normal execution)

VM Mutex/Monitor currently owned by a thread: None

Heap:
 PSYoungGen      total 38400K, used 30298K [0x0000000795580000, 0x000000079a080000, 0x00000007c0000000)
  eden space 33280K, 75% used [0x0000000795580000,0x0000000796e16f58,0x0000000797600000)
  from space 5120K, 99% used [0x0000000797b00000,0x0000000797fffac8,0x0000000798000000)
  to   space 5120K, 0% used [0x0000000797600000,0x0000000797600000,0x0000000797b00000)
 ParOldGen       total 87552K, used 5879K [0x0000000740000000, 0x0000000745580000, 0x0000000795580000)
  object space 87552K, 6% used [0x0000000740000000,0x00000007405bdfd0,0x0000000745580000)
 Metaspace       used 20011K, capacity 20170K, committed 20480K, reserved 1067008K
  class space    used 3268K, capacity 3313K, committed 3328K, reserved 1048576K

Card table byte_map: [0x000000011edde000,0x000000011f1df000] byte_map_base: 0x000000011b3de000

Marking Bits: (ParMarkBitMap*) 0x000000010f29c330
 Begin Bits: [0x000000011f896000, 0x0000000121896000)
 End Bits:   [0x0000000121896000, 0x0000000123896000)

Polling page: 0x000000010e15d000

CodeCache: size=245760Kb used=5247Kb max_used=5247Kb free=240512Kb
 bounds [0x000000010fa1e000, 0x000000010ff4e000, 0x000000011ea1e000]
 total_blobs=2107 nmethods=1736 adapters=284
 compilation: enabled

Compilation events (10 events):
Event: 2.313 Thread 0x00007f9552845800 nmethod 1761 0x000000010ff320d0 code [0x000000010ff32220, 0x000000010ff32330]
Event: 2.313 Thread 0x00007f9552845800 1763       1       java.text.DecimalFormatSymbols::getDecimalSeparator (5 bytes)
Event: 2.313 Thread 0x00007f9552845800 nmethod 1763 0x000000010ff32390 code [0x000000010ff324e0, 0x000000010ff325f0]
Event: 2.313 Thread 0x00007f9552845800 1764       1       java.text.DecimalFormatSymbols::getZeroDigit (5 bytes)
Event: 2.313 Thread 0x00007f9552845800 nmethod 1764 0x000000010ff32650 code [0x000000010ff327a0, 0x000000010ff328b0]
Event: 2.313 Thread 0x00007f9552845800 1769       2       java.text.DecimalFormat::append (94 bytes)
Event: 2.314 Thread 0x00007f9552845800 nmethod 1769 0x000000010ff32910 code [0x000000010ff32aa0, 0x000000010ff330b8]
Event: 2.314 Thread 0x00007f9552845800 1770       2       java.text.DecimalFormat::expandAffix (344 bytes)
Event: 2.316 Thread 0x00007f9552845800 nmethod 1770 0x000000010ff33410 code [0x000000010ff33660, 0x000000010ff342b8]
Event: 2.316 Thread 0x00007f9552845800 1771       2       java.text.DecimalFormat::applyPattern (1591 bytes)

GC Heap History (4 events):
Event: 1.022 GC heap before
{Heap before GC invocations=1 (full 0):
 PSYoungGen      total 38400K, used 33280K [0x0000000795580000, 0x0000000798000000, 0x00000007c0000000)
  eden space 33280K, 100% used [0x0000000795580000,0x0000000797600000,0x0000000797600000)
  from space 5120K, 0% used [0x0000000797b00000,0x0000000797b00000,0x0000000798000000)
  to   space 5120K, 0% used [0x0000000797600000,0x0000000797600000,0x0000000797b00000)
 ParOldGen       total 87552K, used 0K [0x0000000740000000, 0x0000000745580000, 0x0000000795580000)
  object space 87552K, 0% used [0x0000000740000000,0x0000000740000000,0x0000000745580000)
 Metaspace       used 11169K, capacity 12396K, committed 12672K, reserved 1060864K
  class space    used 1767K, capacity 1832K, committed 1920K, reserved 1048576K
Event: 1.030 GC heap after
Heap after GC invocations=1 (full 0):
 PSYoungGen      total 38400K, used 5099K [0x0000000795580000, 0x0000000798000000, 0x00000007c0000000)
  eden space 33280K, 0% used [0x0000000795580000,0x0000000795580000,0x0000000797600000)
  from space 5120K, 99% used [0x0000000797600000,0x0000000797afad78,0x0000000797b00000)
  to   space 5120K, 0% used [0x0000000797b00000,0x0000000797b00000,0x0000000798000000)
 ParOldGen       total 87552K, used 2834K [0x0000000740000000, 0x0000000745580000, 0x0000000795580000)
  object space 87552K, 3% used [0x0000000740000000,0x00000007402c4ba8,0x0000000745580000)
 Metaspace       used 11169K, capacity 12396K, committed 12672K, reserved 1060864K
  class space    used 1767K, capacity 1832K, committed 1920K, reserved 1048576K
}
Event: 1.914 GC heap before
{Heap before GC invocations=2 (full 0):
 PSYoungGen      total 38400K, used 38379K [0x0000000795580000, 0x0000000798000000, 0x00000007c0000000)
  eden space 33280K, 100% used [0x0000000795580000,0x0000000797600000,0x0000000797600000)
  from space 5120K, 99% used [0x0000000797600000,0x0000000797afad78,0x0000000797b00000)
  to   space 5120K, 0% used [0x0000000797b00000,0x0000000797b00000,0x0000000798000000)
 ParOldGen       total 87552K, used 2834K [0x0000000740000000, 0x0000000745580000, 0x0000000795580000)
  object space 87552K, 3% used [0x0000000740000000,0x00000007402c4ba8,0x0000000745580000)
 Metaspace       used 18518K, capacity 18660K, committed 18816K, reserved 1064960K
  class space    used 3109K, capacity 3152K, committed 3200K, reserved 1048576K
Event: 1.929 GC heap after
Heap after GC invocations=2 (full 0):
 PSYoungGen      total 38400K, used 5118K [0x0000000795580000, 0x000000079a080000, 0x00000007c0000000)
  eden space 33280K, 0% used [0x0000000795580000,0x0000000795580000,0x0000000797600000)
  from space 5120K, 99% used [0x0000000797b00000,0x0000000797fffac8,0x0000000798000000)
  to   space 5120K, 0% used [0x0000000797600000,0x0000000797600000,0x0000000797b00000)
 ParOldGen       total 87552K, used 5879K [0x0000000740000000, 0x0000000745580000, 0x0000000795580000)
  object space 87552K, 6% used [0x0000000740000000,0x00000007405bdfd0,0x0000000745580000)
 Metaspace       used 18518K, capacity 18660K, committed 18816K, reserved 1064960K
  class space    used 3109K, capacity 3152K, committed 3200K, reserved 1048576K
}

Deoptimization events (7 events):
Event: 0.881 Thread 0x00007f9552800000 Uncommon trap: reason=unloaded action=reinterpret pc=0x000000010fbc1b9c method=sun.misc.URLClassPath.getLoader(I)Lsun/misc/URLClassPath$Loader; @ 113
Event: 0.884 Thread 0x00007f9552800000 Uncommon trap: reason=unreached action=reinterpret pc=0x000000010fc1fa94 method=java.util.HashMap.getNode(ILjava/lang/Object;)Ljava/util/HashMap$Node; @ 49
Event: 1.151 Thread 0x00007f9552800000 Uncommon trap: reason=unreached action=reinterpret pc=0x000000010fc217c8 method=java.util.HashMap.getNode(ILjava/lang/Object;)Ljava/util/HashMap$Node; @ 49
Event: 1.543 Thread 0x00007f9552800000 Uncommon trap: reason=unreached action=reinterpret pc=0x000000010fcf0474 method=java.util.HashMap.hash(Ljava/lang/Object;)I @ 1
Event: 1.671 Thread 0x00007f9552800000 Uncommon trap: reason=unreached action=reinterpret pc=0x000000010fd78b6c method=java.util.concurrent.ConcurrentHashMap.putVal(Ljava/lang/Object;Ljava/lang/Object;Z)Ljava/lang/Object; @ 181
Event: 1.947 Thread 0x00007f9552800000 Uncommon trap: reason=unreached action=reinterpret pc=0x000000010fe791cc method=com.sun.org.apache.xerces.internal.util.SymbolTable.addSymbol([CII)Ljava/lang/String; @ 29
Event: 1.947 Thread 0x00007f9552800000 Uncommon trap: reason=unreached action=reinterpret pc=0x000000010fe6162c method=com.sun.org.apache.xerces.internal.util.SymbolTable.addSymbol([CII)Ljava/lang/String; @ 29

Internal exceptions (10 events):
Event: 2.228 Thread 0x00007f95530eb000 Exception <a 'java/security/PrivilegedActionException'> (0x00000007966c7b50) thrown at [/HUDSON3/workspace/8-2-build-macosx-x86_64/jdk8u20/1074/hotspot/src/share/vm/prims/jvm.cpp, line 1275]
Event: 2.285 Thread 0x00007f95530eb000 Exception <a 'java/security/PrivilegedActionException'> (0x000000079699bfd8) thrown at [/HUDSON3/workspace/8-2-build-macosx-x86_64/jdk8u20/1074/hotspot/src/share/vm/prims/jvm.cpp, line 1275]
Event: 2.285 Thread 0x00007f95530eb000 Exception <a 'java/security/PrivilegedActionException'> (0x000000079699d7d8) thrown at [/HUDSON3/workspace/8-2-build-macosx-x86_64/jdk8u20/1074/hotspot/src/share/vm/prims/jvm.cpp, line 1275]
Event: 2.285 Thread 0x00007f955263f000 Exception <a 'java/security/PrivilegedActionException'> (0x0000000796cdca10) thrown at [/HUDSON3/workspace/8-2-build-macosx-x86_64/jdk8u20/1074/hotspot/src/share/vm/prims/jvm.cpp, line 1275]
Event: 2.285 Thread 0x00007f955263f000 Exception <a 'java/security/PrivilegedActionException'> (0x0000000796cde210) thrown at [/HUDSON3/workspace/8-2-build-macosx-x86_64/jdk8u20/1074/hotspot/src/share/vm/prims/jvm.cpp, line 1275]
Event: 2.300 Thread 0x00007f955263f000 Exception <a 'java/security/PrivilegedActionException'> (0x0000000796cf4910) thrown at [/HUDSON3/workspace/8-2-build-macosx-x86_64/jdk8u20/1074/hotspot/src/share/vm/prims/jvm.cpp, line 1275]
Event: 2.300 Thread 0x00007f955263f000 Exception <a 'java/security/PrivilegedActionException'> (0x0000000796cf6048) thrown at [/HUDSON3/workspace/8-2-build-macosx-x86_64/jdk8u20/1074/hotspot/src/share/vm/prims/jvm.cpp, line 1275]
Event: 2.301 Thread 0x00007f95530eb000 Exception <a 'java/security/PrivilegedActionException'> (0x00000007969b1fc8) thrown at [/HUDSON3/workspace/8-2-build-macosx-x86_64/jdk8u20/1074/hotspot/src/share/vm/prims/jvm.cpp, line 1275]
Event: 2.301 Thread 0x00007f95530eb000 Exception <a 'java/security/PrivilegedActionException'> (0x00000007969b3700) thrown at [/HUDSON3/workspace/8-2-build-macosx-x86_64/jdk8u20/1074/hotspot/src/share/vm/prims/jvm.cpp, line 1275]
Event: 2.310 Thread 0x00007f955263f000 Exception <a 'java/security/PrivilegedActionException'> (0x0000000796d23270) thrown at [/HUDSON3/workspace/8-2-build-macosx-x86_64/jdk8u20/1074/hotspot/src/share/vm/prims/jvm.cpp, line 1275]

Events (10 events):
Event: 2.305 loading class java/text/DontCareFieldPosition$1
Event: 2.305 loading class java/text/DontCareFieldPosition$1 done
Event: 2.305 loading class java/text/NumberFormat$Field
Event: 2.305 loading class java/text/NumberFormat$Field done
Event: 2.305 loading class java/text/DigitList$1
Event: 2.305 loading class java/text/DigitList$1 done
Event: 2.310 loading class org/openscience/cdk/io/MDLV2000Writer$1
Event: 2.310 loading class org/openscience/cdk/io/MDLV2000Writer$1 done
Event: 2.315 loading class java/util/HashMap$KeyIterator
Event: 2.315 loading class java/util/HashMap$KeyIterator done


Dynamic libraries:
0x0000000002ff2000 	/System/Library/Frameworks/Cocoa.framework/Versions/A/Cocoa
0x0000000002ff2000 	/System/Library/Frameworks/Security.framework/Versions/A/Security
0x0000000002ff2000 	/System/Library/Frameworks/ApplicationServices.framework/Versions/A/ApplicationServices
0x0000000002ff2000 	/usr/lib/libz.1.dylib
0x0000000002ff2000 	/usr/lib/libSystem.B.dylib
0x0000000002ff2000 	/usr/lib/libobjc.A.dylib
0x0000000002ff2000 	/System/Library/Frameworks/CoreFoundation.framework/Versions/A/CoreFoundation
0x0000000002ff2000 	/System/Library/Frameworks/Foundation.framework/Versions/C/Foundation
0x0000000002ff2000 	/System/Library/Frameworks/AppKit.framework/Versions/C/AppKit
0x0000000002ff2000 	/System/Library/Frameworks/CoreData.framework/Versions/A/CoreData
0x0000000002ff2000 	/System/Library/PrivateFrameworks/RemoteViewServices.framework/Versions/A/RemoteViewServices
0x0000000002ff2000 	/System/Library/PrivateFrameworks/UIFoundation.framework/Versions/A/UIFoundation
0x0000000002ff2000 	/System/Library/Frameworks/IOSurface.framework/Versions/A/IOSurface
0x0000000002ff2000 	/System/Library/Frameworks/AudioToolbox.framework/Versions/A/AudioToolbox
0x0000000002ff2000 	/System/Library/Frameworks/AudioUnit.framework/Versions/A/AudioUnit
0x0000000002ff2000 	/System/Library/PrivateFrameworks/DataDetectorsCore.framework/Versions/A/DataDetectorsCore
0x0000000002ff2000 	/System/Library/PrivateFrameworks/DesktopServicesPriv.framework/Versions/A/DesktopServicesPriv
0x0000000002ff2000 	/System/Library/Frameworks/Carbon.framework/Versions/A/Frameworks/HIToolbox.framework/Versions/A/HIToolbox
0x0000000002ff2000 	/System/Library/Frameworks/QuartzCore.framework/Versions/A/QuartzCore
0x0000000002ff2000 	/System/Library/Frameworks/Carbon.framework/Versions/A/Frameworks/SpeechRecognition.framework/Versions/A/SpeechRecognition
0x0000000002ff2000 	/usr/lib/libauto.dylib
0x0000000002ff2000 	/usr/lib/libicucore.A.dylib
0x0000000002ff2000 	/usr/lib/libxml2.2.dylib
0x0000000002ff2000 	/System/Library/PrivateFrameworks/CoreUI.framework/Versions/A/CoreUI
0x0000000002ff2000 	/System/Library/Frameworks/CoreAudio.framework/Versions/A/CoreAudio
0x0000000002ff2000 	/System/Library/Frameworks/DiskArbitration.framework/Versions/A/DiskArbitration
0x0000000002ff2000 	/usr/lib/liblangid.dylib
0x0000000002ff2000 	/System/Library/PrivateFrameworks/MultitouchSupport.framework/Versions/A/MultitouchSupport
0x0000000002ff2000 	/System/Library/Frameworks/IOKit.framework/Versions/A/IOKit
0x0000000002ff2000 	/usr/lib/libDiagnosticMessagesClient.dylib
0x0000000002ff2000 	/System/Library/Frameworks/CoreServices.framework/Versions/A/CoreServices
0x0000000002ff2000 	/System/Library/PrivateFrameworks/PerformanceAnalysis.framework/Versions/A/PerformanceAnalysis
0x0000000002ff2000 	/System/Library/PrivateFrameworks/GenerationalStorage.framework/Versions/A/GenerationalStorage
0x0000000002ff2000 	/System/Library/Frameworks/OpenGL.framework/Versions/A/OpenGL
0x0000000002ff2000 	/System/Library/PrivateFrameworks/Sharing.framework/Versions/A/Sharing
0x0000000002ff2000 	/System/Library/Frameworks/CoreGraphics.framework/Versions/A/CoreGraphics
0x0000000002ff2000 	/System/Library/Frameworks/CoreText.framework/Versions/A/CoreText
0x0000000002ff2000 	/System/Library/Frameworks/ImageIO.framework/Versions/A/ImageIO
0x0000000002ff2000 	/usr/lib/libextension.dylib
0x0000000002ff2000 	/System/Library/PrivateFrameworks/Backup.framework/Versions/A/Backup
0x0000000002ff2000 	/usr/lib/libarchive.2.dylib
0x0000000002ff2000 	/System/Library/Frameworks/CFNetwork.framework/Versions/A/CFNetwork
0x0000000002ff2000 	/System/Library/Frameworks/SystemConfiguration.framework/Versions/A/SystemConfiguration
0x0000000002ff2000 	/usr/lib/libCRFSuite.dylib
0x0000000002ff2000 	/usr/lib/libc++.1.dylib
0x0000000002ff2000 	/usr/lib/libc++abi.dylib
0x0000000002ff2000 	/usr/lib/system/libcache.dylib
0x0000000002ff2000 	/usr/lib/system/libcommonCrypto.dylib
0x0000000002ff2000 	/usr/lib/system/libcompiler_rt.dylib
0x0000000002ff2000 	/usr/lib/system/libcopyfile.dylib
0x0000000002ff2000 	/usr/lib/system/libcorecrypto.dylib
0x0000000002ff2000 	/usr/lib/system/libdispatch.dylib
0x0000000002ff2000 	/usr/lib/system/libdyld.dylib
0x0000000002ff2000 	/usr/lib/system/libkeymgr.dylib
0x0000000002ff2000 	/usr/lib/system/liblaunch.dylib
0x0000000002ff2000 	/usr/lib/system/libmacho.dylib
0x0000000002ff2000 	/usr/lib/system/libquarantine.dylib
0x0000000002ff2000 	/usr/lib/system/libremovefile.dylib
0x0000000002ff2000 	/usr/lib/system/libsystem_asl.dylib
0x0000000002ff2000 	/usr/lib/system/libsystem_blocks.dylib
0x0000000002ff2000 	/usr/lib/system/libsystem_c.dylib
0x0000000002ff2000 	/usr/lib/system/libsystem_configuration.dylib
0x0000000002ff2000 	/usr/lib/system/libsystem_coreservices.dylib
0x0000000002ff2000 	/usr/lib/system/libsystem_coretls.dylib
0x0000000002ff2000 	/usr/lib/system/libsystem_dnssd.dylib
0x0000000002ff2000 	/usr/lib/system/libsystem_info.dylib
0x0000000002ff2000 	/usr/lib/system/libsystem_kernel.dylib
0x0000000002ff2000 	/usr/lib/system/libsystem_m.dylib
0x0000000002ff2000 	/usr/lib/system/libsystem_malloc.dylib
0x0000000002ff2000 	/usr/lib/system/libsystem_network.dylib
0x0000000002ff2000 	/usr/lib/system/libsystem_networkextension.dylib
0x0000000002ff2000 	/usr/lib/system/libsystem_notify.dylib
0x0000000002ff2000 	/usr/lib/system/libsystem_platform.dylib
0x0000000002ff2000 	/usr/lib/system/libsystem_pthread.dylib
0x0000000002ff2000 	/usr/lib/system/libsystem_sandbox.dylib
0x0000000002ff2000 	/usr/lib/system/libsystem_secinit.dylib
0x0000000002ff2000 	/usr/lib/system/libsystem_stats.dylib
0x0000000002ff2000 	/usr/lib/system/libsystem_trace.dylib
0x0000000002ff2000 	/usr/lib/system/libunc.dylib
0x0000000002ff2000 	/usr/lib/system/libunwind.dylib
0x0000000002ff2000 	/usr/lib/system/libxpc.dylib
0x0000000002ff2000 	/usr/lib/libbz2.1.0.dylib
0x0000000002ff2000 	/usr/lib/liblzma.5.dylib
0x0000000002ff2000 	/usr/lib/libbsm.0.dylib
0x0000000002ff2000 	/usr/lib/libsqlite3.dylib
0x0000000002ff2000 	/usr/lib/system/libkxld.dylib
0x0000000002ff2000 	/usr/lib/libxar.1.dylib
0x0000000002ff2000 	/usr/lib/libpam.2.dylib
0x0000000002ff2000 	/usr/lib/libOpenScriptingUtil.dylib
0x0000000002ff2000 	/System/Library/Frameworks/CoreServices.framework/Versions/A/Frameworks/FSEvents.framework/Versions/A/FSEvents
0x0000000002ff2000 	/System/Library/Frameworks/CoreServices.framework/Versions/A/Frameworks/CarbonCore.framework/Versions/A/CarbonCore
0x0000000002ff2000 	/System/Library/Frameworks/CoreServices.framework/Versions/A/Frameworks/Metadata.framework/Versions/A/Metadata
0x0000000002ff2000 	/System/Library/Frameworks/CoreServices.framework/Versions/A/Frameworks/OSServices.framework/Versions/A/OSServices
0x0000000002ff2000 	/System/Library/Frameworks/CoreServices.framework/Versions/A/Frameworks/SearchKit.framework/Versions/A/SearchKit
0x0000000002ff2000 	/System/Library/Frameworks/CoreServices.framework/Versions/A/Frameworks/AE.framework/Versions/A/AE
0x0000000002ff2000 	/System/Library/Frameworks/CoreServices.framework/Versions/A/Frameworks/LaunchServices.framework/Versions/A/LaunchServices
0x0000000002ff2000 	/System/Library/Frameworks/CoreServices.framework/Versions/A/Frameworks/DictionaryServices.framework/Versions/A/DictionaryServices
0x0000000002ff2000 	/System/Library/Frameworks/NetFS.framework/Versions/A/NetFS
0x0000000002ff2000 	/System/Library/PrivateFrameworks/NetAuth.framework/Versions/A/NetAuth
0x0000000002ff2000 	/System/Library/PrivateFrameworks/login.framework/Versions/A/Frameworks/loginsupport.framework/Versions/A/loginsupport
0x0000000002ff2000 	/System/Library/PrivateFrameworks/TCC.framework/Versions/A/TCC
0x0000000002ff2000 	/usr/lib/libmecabra.dylib
0x0000000002ff2000 	/System/Library/Frameworks/ApplicationServices.framework/Versions/A/Frameworks/ATS.framework/Versions/A/ATS
0x0000000002ff2000 	/System/Library/Frameworks/ApplicationServices.framework/Versions/A/Frameworks/ColorSync.framework/Versions/A/ColorSync
0x0000000002ff2000 	/System/Library/Frameworks/ApplicationServices.framework/Versions/A/Frameworks/HIServices.framework/Versions/A/HIServices
0x0000000002ff2000 	/System/Library/Frameworks/ApplicationServices.framework/Versions/A/Frameworks/LangAnalysis.framework/Versions/A/LangAnalysis
0x0000000002ff2000 	/System/Library/Frameworks/ApplicationServices.framework/Versions/A/Frameworks/PrintCore.framework/Versions/A/PrintCore
0x0000000002ff2000 	/System/Library/Frameworks/ApplicationServices.framework/Versions/A/Frameworks/QD.framework/Versions/A/QD
0x0000000002ff2000 	/System/Library/Frameworks/ApplicationServices.framework/Versions/A/Frameworks/SpeechSynthesis.framework/Versions/A/SpeechSynthesis
0x0000000002ff2000 	/System/Library/Frameworks/Accelerate.framework/Versions/A/Accelerate
0x0000000002ff2000 	/System/Library/Frameworks/Accelerate.framework/Versions/A/Frameworks/vImage.framework/Versions/A/vImage
0x0000000002ff2000 	/System/Library/Frameworks/Accelerate.framework/Versions/A/Frameworks/vecLib.framework/Versions/A/vecLib
0x0000000002ff2000 	/System/Library/Frameworks/Accelerate.framework/Versions/A/Frameworks/vecLib.framework/Versions/A/libvDSP.dylib
0x0000000002ff2000 	/System/Library/Frameworks/Accelerate.framework/Versions/A/Frameworks/vecLib.framework/Versions/A/libvMisc.dylib
0x0000000002ff2000 	/System/Library/Frameworks/Accelerate.framework/Versions/A/Frameworks/vecLib.framework/Versions/A/libLAPACK.dylib
0x0000000002ff2000 	/System/Library/Frameworks/Accelerate.framework/Versions/A/Frameworks/vecLib.framework/Versions/A/libBLAS.dylib
0x0000000002ff2000 	/System/Library/Frameworks/Accelerate.framework/Versions/A/Frameworks/vecLib.framework/Versions/A/libLinearAlgebra.dylib
0x0000000002ff2000 	/System/Library/Frameworks/ApplicationServices.framework/Versions/A/Frameworks/ATS.framework/Versions/A/Resources/libFontParser.dylib
0x0000000002ff2000 	/System/Library/Frameworks/ApplicationServices.framework/Versions/A/Frameworks/ATS.framework/Versions/A/Resources/libFontRegistry.dylib
0x0000000002ff2000 	/System/Library/PrivateFrameworks/AppleVPA.framework/Versions/A/AppleVPA
0x0000000002ff2000 	/System/Library/PrivateFrameworks/AppleJPEG.framework/Versions/A/AppleJPEG
0x0000000002ff2000 	/System/Library/Frameworks/ImageIO.framework/Versions/A/Resources/libJPEG.dylib
0x0000000002ff2000 	/System/Library/Frameworks/ImageIO.framework/Versions/A/Resources/libTIFF.dylib
0x0000000002ff2000 	/System/Library/Frameworks/ImageIO.framework/Versions/A/Resources/libPng.dylib
0x0000000002ff2000 	/System/Library/Frameworks/ImageIO.framework/Versions/A/Resources/libGIF.dylib
0x0000000002ff2000 	/System/Library/Frameworks/ImageIO.framework/Versions/A/Resources/libJP2.dylib
0x0000000002ff2000 	/System/Library/Frameworks/ImageIO.framework/Versions/A/Resources/libRadiance.dylib
0x0000000002ff2000 	/System/Library/Frameworks/CoreVideo.framework/Versions/A/CoreVideo
0x0000000002ff2000 	/System/Library/Frameworks/OpenGL.framework/Versions/A/Libraries/libGLU.dylib
0x0000000002ff2000 	/System/Library/Frameworks/OpenGL.framework/Versions/A/Libraries/libGFXShared.dylib
0x0000000002ff2000 	/System/Library/Frameworks/OpenGL.framework/Versions/A/Libraries/libGL.dylib
0x0000000002ff2000 	/System/Library/Frameworks/OpenGL.framework/Versions/A/Libraries/libGLImage.dylib
0x0000000002ff2000 	/System/Library/Frameworks/OpenGL.framework/Versions/A/Libraries/libCVMSPluginSupport.dylib
0x0000000002ff2000 	/System/Library/Frameworks/OpenGL.framework/Versions/A/Libraries/libCoreVMClient.dylib
0x0000000002ff2000 	/usr/lib/libcups.2.dylib
0x0000000002ff2000 	/System/Library/Frameworks/Kerberos.framework/Versions/A/Kerberos
0x0000000002ff2000 	/System/Library/Frameworks/GSS.framework/Versions/A/GSS
0x0000000002ff2000 	/usr/lib/libresolv.9.dylib
0x0000000002ff2000 	/usr/lib/libiconv.2.dylib
0x0000000002ff2000 	/System/Library/PrivateFrameworks/Heimdal.framework/Versions/A/Heimdal
0x0000000002ff2000 	/usr/lib/libheimdal-asn1.dylib
0x0000000002ff2000 	/System/Library/Frameworks/OpenDirectory.framework/Versions/A/OpenDirectory
0x0000000002ff2000 	/System/Library/PrivateFrameworks/CommonAuth.framework/Versions/A/CommonAuth
0x0000000002ff2000 	/System/Library/Frameworks/OpenDirectory.framework/Versions/A/Frameworks/CFOpenDirectory.framework/Versions/A/CFOpenDirectory
0x0000000002ff2000 	/System/Library/Frameworks/SecurityFoundation.framework/Versions/A/SecurityFoundation
0x0000000002ff2000 	/System/Library/PrivateFrameworks/LanguageModeling.framework/Versions/A/LanguageModeling
0x0000000002ff2000 	/usr/lib/libcmph.dylib
0x0000000002ff2000 	/System/Library/Frameworks/ServiceManagement.framework/Versions/A/ServiceManagement
0x0000000002ff2000 	/usr/lib/libxslt.1.dylib
0x0000000002ff2000 	/System/Library/Frameworks/Carbon.framework/Versions/A/Frameworks/Ink.framework/Versions/A/Ink
0x0000000002ff2000 	/System/Library/Frameworks/QuartzCore.framework/Versions/A/Frameworks/CoreImage.framework/Versions/A/CoreImage
0x0000000002ff2000 	/System/Library/PrivateFrameworks/CrashReporterSupport.framework/Versions/A/CrashReporterSupport
0x0000000002ff2000 	/System/Library/Frameworks/OpenCL.framework/Versions/A/OpenCL
0x0000000002ff2000 	/System/Library/PrivateFrameworks/FaceCore.framework/Versions/A/FaceCore
0x0000000002ff2000 	/System/Library/PrivateFrameworks/Ubiquity.framework/Versions/A/Ubiquity
0x0000000002ff2000 	/System/Library/PrivateFrameworks/IconServices.framework/Versions/A/IconServices
0x0000000002ff2000 	/System/Library/PrivateFrameworks/ChunkingLibrary.framework/Versions/A/ChunkingLibrary
0x0000000002ff2000 	/System/Library/PrivateFrameworks/Apple80211.framework/Versions/A/Apple80211
0x0000000002ff2000 	/System/Library/Frameworks/CoreWLAN.framework/Versions/A/CoreWLAN
0x0000000002ff2000 	/System/Library/Frameworks/IOBluetooth.framework/Versions/A/IOBluetooth
0x0000000002ff2000 	/System/Library/PrivateFrameworks/CoreWiFi.framework/Versions/A/CoreWiFi
0x0000000002ff2000 	/System/Library/Frameworks/CoreBluetooth.framework/Versions/A/CoreBluetooth
0x0000000002ff2000 	/System/Library/PrivateFrameworks/DebugSymbols.framework/Versions/A/DebugSymbols
0x0000000002ff2000 	/System/Library/PrivateFrameworks/CoreSymbolication.framework/Versions/A/CoreSymbolication
0x0000000002ff2000 	/System/Library/PrivateFrameworks/Symbolication.framework/Versions/A/Symbolication
0x0000000002ff2000 	/System/Library/PrivateFrameworks/SpeechRecognitionCore.framework/Versions/A/SpeechRecognitionCore
0x000000010ea00000 	/Library/Java/JavaVirtualMachines/jdk1.8.0_20.jdk/Contents/Home/jre/lib/server/libjvm.dylib
0x0000000002ff2000 	/usr/lib/libstdc++.6.dylib
0x000000010e11b000 	/Library/Java/JavaVirtualMachines/jdk1.8.0_20.jdk/Contents/Home/jre/lib/libverify.dylib
0x000000010e129000 	/Library/Java/JavaVirtualMachines/jdk1.8.0_20.jdk/Contents/Home/jre/lib/libjava.dylib
0x000000010e167000 	/Library/Java/JavaVirtualMachines/jdk1.8.0_20.jdk/Contents/Home/jre/lib/libzip.dylib
0x00000001259e7000 	/System/Library/Frameworks/JavaVM.framework/Frameworks/JavaRuntimeSupport.framework/JavaRuntimeSupport
0x00000001259fd000 	/System/Library/Frameworks/JavaVM.framework/Versions/A/Frameworks/JavaNativeFoundation.framework/Versions/A/JavaNativeFoundation
0x000000010e1f3000 	/System/Library/Frameworks/JavaVM.framework/Versions/A/JavaVM
0x0000000002ff2000 	/System/Library/Frameworks/Carbon.framework/Versions/A/Carbon
0x0000000125a11000 	/System/Library/PrivateFrameworks/JavaLaunching.framework/Versions/A/JavaLaunching
0x0000000002ff2000 	/System/Library/Frameworks/Carbon.framework/Versions/A/Frameworks/CommonPanels.framework/Versions/A/CommonPanels
0x0000000002ff2000 	/System/Library/Frameworks/Carbon.framework/Versions/A/Frameworks/Help.framework/Versions/A/Help
0x0000000002ff2000 	/System/Library/Frameworks/Carbon.framework/Versions/A/Frameworks/ImageCapture.framework/Versions/A/ImageCapture
0x0000000002ff2000 	/System/Library/Frameworks/Carbon.framework/Versions/A/Frameworks/OpenScripting.framework/Versions/A/OpenScripting
0x0000000002ff2000 	/System/Library/Frameworks/Carbon.framework/Versions/A/Frameworks/Print.framework/Versions/A/Print
0x0000000002ff2000 	/System/Library/Frameworks/Carbon.framework/Versions/A/Frameworks/SecurityHI.framework/Versions/A/SecurityHI
0x00000001285f5000 	/Users/dcdanko/UROP/MolSearch/lib/libfmcsjni.dylib

VM Arguments:
jvm_args: -Djava.library.path=lib/ 
java_command: build/jar/Ammolite.jar test -d 30_fully_labeled.gad/ -o temp -F --description testing fmcs interface -t 0.9 -p 0.8 -q molecule_sets/smalls/caff_viagra.sdf
java_class_path (initial): build/jar/Ammolite.jar
Launcher Type: SUN_STANDARD

Environment Variables:
PATH=/usr/local/heroku/bin:/usr/local/bin:/Users/dcdanko/go/bin:/usr/local/bin:/usr/bin:/bin:/usr/sbin:/sbin:/usr/local/go/bin:/usr/local/MacGPG2/bin
SHELL=/bin/bash

Signal Handlers:
SIGSEGV: [libjvm.dylib+0x578fd7], sa_mask[0]=11111111011111110111111111111111, sa_flags=SA_ONSTACK|SA_RESTART|SA_SIGINFO
SIGBUS: [libjvm.dylib+0x578fd7], sa_mask[0]=11111111011111110111111111111111, sa_flags=SA_RESTART|SA_SIGINFO
SIGFPE: [libjvm.dylib+0x45ab0c], sa_mask[0]=11111111011111110111111111111111, sa_flags=SA_RESTART|SA_SIGINFO
SIGPIPE: [libjvm.dylib+0x45ab0c], sa_mask[0]=11111111011111110111111111111111, sa_flags=SA_RESTART|SA_SIGINFO
SIGXFSZ: [libjvm.dylib+0x45ab0c], sa_mask[0]=11111111011111110111111111111111, sa_flags=SA_RESTART|SA_SIGINFO
SIGILL: [libjvm.dylib+0x45ab0c], sa_mask[0]=11111111011111110111111111111111, sa_flags=SA_RESTART|SA_SIGINFO
SIGUSR1: SIG_DFL, sa_mask[0]=11011111011111100000000111000110, sa_flags=none
SIGUSR2: [libjvm.dylib+0x45a62a], sa_mask[0]=00000000000000000000000000000000, sa_flags=SA_RESTART|SA_SIGINFO
SIGHUP: [libjvm.dylib+0x458bfd], sa_mask[0]=11111111011111110111111111111111, sa_flags=SA_RESTART|SA_SIGINFO
SIGINT: [libjvm.dylib+0x458bfd], sa_mask[0]=11111111011111110111111111111111, sa_flags=SA_RESTART|SA_SIGINFO
SIGTERM: [libjvm.dylib+0x458bfd], sa_mask[0]=11111111011111110111111111111111, sa_flags=SA_RESTART|SA_SIGINFO
SIGQUIT: [libjvm.dylib+0x458bfd], sa_mask[0]=11111111011111110111111111111111, sa_flags=SA_RESTART|SA_SIGINFO


---------------  S Y S T E M  ---------------

OS:Bsduname:Darwin 14.1.0 Darwin Kernel Version 14.1.0: Mon Dec 22 23:10:38 PST 2014; root:xnu-2782.10.72~2/RELEASE_X86_64 x86_64
rlimit: STACK 8192k, CORE 0k, NPROC 709, NOFILE 10240, AS infinity
load average:1.70 1.49 1.50

CPU:total 4 (2 cores per cpu, 2 threads per core) family 6 model 69 stepping 1, cmov, cx8, fxsr, mmx, sse, sse2, sse3, ssse3, sse4.1, sse4.2, popcnt, avx, avx2, aes, clmul, erms, lzcnt, ht, tsc, tscinvbit, bmi1, bmi2

Memory: 4k page, physical 8388608k(695844k free)

/proc/meminfo:


vm_info: Java HotSpot(TM) 64-Bit Server VM (25.20-b23) for bsd-amd64 JRE (1.8.0_20-b26), built on Jul 30 2014 13:37:47 by "java_re" with gcc 4.2.1 (Based on Apple Inc. build 5658) (LLVM build 2336.9.00)

time: Wed Mar  4 16:58:32 2015
elapsed time: 2 seconds (0d 0h 0m 2s)

