#
# A fatal error has been detected by the Java Runtime Environment:
#
#  SIGSEGV (0xb) at pc=0x00000001261f634f, pid=15533, tid=19715
#
# JRE version: Java(TM) SE Runtime Environment (8.0_20-b26) (build 1.8.0_20-b26)
# Java VM: Java HotSpot(TM) 64-Bit Server VM (25.20-b23 mixed mode bsd-amd64 compressed oops)
# Problematic frame:
# C  [libfmcsjni.dylib+0x2a34f]  _ZNSt3__1plIcNS_11char_traitsIcEENS_9allocatorIcEEEENS_12basic_stringIT_T0_T1_EERKS9_PKS6_+0x17f
#
# Failed to write core dump. Core dumps have been disabled. To enable core dumping, try "ulimit -c unlimited" before starting Java again
#
# If you would like to submit a bug report, please visit:
#   http://bugreport.sun.com/bugreport/crash.jsp
# The crash happened outside the Java Virtual Machine in native code.
# See problematic frame for where to report the bug.
#

---------------  T H R E A D  ---------------

Current thread (0x00007f870a03b000):  JavaThread "pool-1-thread-2" [_thread_in_native, id=19715, stack(0x00000001260ca000,0x00000001261ca000)]

siginfo: si_signo: 11 (SIGSEGV), si_code: 1 (SEGV_MAPERR), si_addr: 0x0000000000000000

Registers:
RAX=0x0000000000000000, RBX=0xffffffffffffffff, RCX=0x0000000000000000, RDX=0x00000001261c66e0
RSP=0x00000001261c5790, RBP=0x00000001261c59b0, RSI=0x00000001261c66e0, RDI=0x00000001261c66e0
R8 =0x00000001261c5898, R9 =0x00000001261c5810, R10=0x0000000000000000, R11=0x00000001261c6720
R12=0x0000000000000000, R13=0x0000000125c0d670, R14=0x00000001261c95e0, R15=0x00007f870a03b000
RIP=0x00000001261f634f, EFLAGS=0x0000000000010246, ERR=0x0000000000000004
  TRAPNO=0x000000000000000e

Top of Stack: (sp=0x00000001261c5790)
0x00000001261c5790:   ffffffff260167c8 0000000000000000
0x00000001261c57a0:   0000000100000006 000000012622c720
0x00000001261c57b0:   0a000001261c5b01 00000001261c6740
0x00000001261c57c0:   00000001261c6770 00000001261c57b0
0x00000001261c57d0:   00000001260067c8 00000001261c66e0
0x00000001261c57e0:   00000001261c66e0 00000001261c6740
0x00000001261c57f0:   0000000000000000 00000001261c6740
0x00000001261c5800:   00000001261c6740 00000001261c6740
0x00000001261c5810:   00000001261c57d2 0000000126228785
0x00000001261c5820:   0000000000000000 0000000000000000
0x00000001261c5830:   00000001261c6740 0000000000000000
0x00000001261c5840:   0000000000000000 0000000000000000
0x00000001261c5850:   00000001261c5810 00000001261c66e0
0x00000001261c5860:   00000001261c67c8 00000001261c5810
0x00000001261c5870:   00000001261c66e0 00000001261c66e0
0x00000001261c5880:   00000001261c67c8 00000001261c67c8
0x00000001261c5890:   00000001261c66e0 00000001261c6740
0x00000001261c58a0:   00000001261c5898 00000001261c66e0
0x00000001261c58b0:   00000001261c67f0 00000001261c58b0
0x00000001261c58c0:   00000003261c67f0 00000001261c66e0
0x00000001261c58d0:   00000001261c66e0 00000001261c66e0
0x00000001261c58e0:   00000001261c66e0 00000001261c67c8
0x00000001261c58f0:   00000001261c67c8 00000001261c67c8
0x00000001261c5900:   00000001261c67c8 00000001261c67c8
0x00000001261c5910:   00000001261c67c9 00000001261c67c9
0x00000001261c5920:   00000001261c65c0 00007f8708d4a830
0x00000001261c5930:   000000000000002f 00000001261c67c9
0x00000001261c5940:   00000001261c67c8 00000001261c67c8
0x00000001261c5950:   00000001261c67c8 00000001261c67c8
0x00000001261c5960:   0000000000000000 0000000000000000
0x00000001261c5970:   0000000000000000 0000000000000000
0x00000001261c5980:   00000001261c67c9 00007fff74cfac70 

Instructions: (pc=0x00000001261f634f)
0x00000001261f632f:   48 89 45 b0 48 8b 45 b0 48 89 45 b8 48 8b 4d b8
0x00000001261f633f:   48 89 4d c0 48 8b 4d c0 48 89 4d c8 48 8b 4d c8
0x00000001261f634f:   0f b6 11 81 e2 01 00 00 00 81 fa 00 00 00 00 48
0x00000001261f635f:   89 85 20 fe ff ff 0f 84 2f 00 00 00 48 8b 85 20 

Register to memory mapping:

RAX=0x0000000000000000 is an unknown value
RBX=0xffffffffffffffff is an unknown value
RCX=0x0000000000000000 is an unknown value
RDX=0x00000001261c66e0 is pointing into the stack for thread: 0x00007f870a03b000
RSP=0x00000001261c5790 is pointing into the stack for thread: 0x00007f870a03b000
RBP=0x00000001261c59b0 is pointing into the stack for thread: 0x00007f870a03b000
RSI=0x00000001261c66e0 is pointing into the stack for thread: 0x00007f870a03b000
RDI=0x00000001261c66e0 is pointing into the stack for thread: 0x00007f870a03b000
R8 =0x00000001261c5898 is pointing into the stack for thread: 0x00007f870a03b000
R9 =0x00000001261c5810 is pointing into the stack for thread: 0x00007f870a03b000
R10=0x0000000000000000 is an unknown value
R11=0x00000001261c6720 is pointing into the stack for thread: 0x00007f870a03b000
R12=0x0000000000000000 is an unknown value
R13={method} {0x0000000125c0d670} 'mcsSize' '(Ljava/lang/String;Ljava/lang/String;)I' in 'edu/mit/csail/ammolite/mcs/InterfaceFMCS'
R14=0x00000001261c95e0 is pointing into the stack for thread: 0x00007f870a03b000
R15=0x00007f870a03b000 is a thread


Stack: [0x00000001260ca000,0x00000001261ca000],  sp=0x00000001261c5790,  free space=1005k
Native frames: (J=compiled Java code, j=interpreted, Vv=VM code, C=native code)
C  [libfmcsjni.dylib+0x2a34f]  _ZNSt3__1plIcNS_11char_traitsIcEENS_9allocatorIcEEEENS_12basic_stringIT_T0_T1_EERKS9_PKS6_+0x17f
C  [libfmcsjni.dylib+0x21f14]  _ZNK4FMCS11MCSCompound8subgraphEPKmmRKNSt3__112basic_stringIcNS3_11char_traitsIcEENS3_9allocatorIcEEEE+0xe64
C  [libfmcsjni.dylib+0x5a62]  _ZN4FMCS3MCS9calculateEv+0x17d2
C  [libfmcsjni.dylib+0x1423]  Java_edu_mit_csail_ammolite_mcs_InterfaceFMCS_mcsSize+0x3a3
j  edu.mit.csail.ammolite.mcs.InterfaceFMCS.mcsSize(Ljava/lang/String;Ljava/lang/String;)I+0
j  edu.mit.csail.ammolite.mcs.InterfaceFMCS.getMCSSize(Ljava/lang/String;Ljava/lang/String;)I+3
j  edu.mit.csail.ammolite.mcs.MCS.getFMCSOverlap(Lorg/openscience/cdk/interfaces/IAtomContainer;Lorg/openscience/cdk/interfaces/IAtomContainer;)I+32
j  edu.mit.csail.ammolite.tests.Ammolite_QuerywiseParallel_FMCS$CoarseConsumer.run()V+34
j  java.util.concurrent.Executors$RunnableAdapter.call()Ljava/lang/Object;+4
j  java.util.concurrent.FutureTask.run()V+42
j  java.util.concurrent.ThreadPoolExecutor.runWorker(Ljava/util/concurrent/ThreadPoolExecutor$Worker;)V+95
j  java.util.concurrent.ThreadPoolExecutor$Worker.run()V+5
j  java.lang.Thread.run()V+11
v  ~StubRoutines::call_stub
V  [libjvm.dylib+0x2d429e]
V  [libjvm.dylib+0x2d4a2c]
V  [libjvm.dylib+0x2d4bd8]
V  [libjvm.dylib+0x32562b]
V  [libjvm.dylib+0x535a51]
V  [libjvm.dylib+0x537194]
V  [libjvm.dylib+0x45d35a]
C  [libsystem_pthread.dylib+0x3268]  _pthread_body+0x83
C  [libsystem_pthread.dylib+0x31e5]  _pthread_body+0x0
C  [libsystem_pthread.dylib+0x141d]  thread_start+0xd
C  0x0000000000000000

Java frames: (J=compiled Java code, j=interpreted, Vv=VM code)
j  edu.mit.csail.ammolite.mcs.InterfaceFMCS.mcsSize(Ljava/lang/String;Ljava/lang/String;)I+0
j  edu.mit.csail.ammolite.mcs.InterfaceFMCS.getMCSSize(Ljava/lang/String;Ljava/lang/String;)I+3
j  edu.mit.csail.ammolite.mcs.MCS.getFMCSOverlap(Lorg/openscience/cdk/interfaces/IAtomContainer;Lorg/openscience/cdk/interfaces/IAtomContainer;)I+32
j  edu.mit.csail.ammolite.tests.Ammolite_QuerywiseParallel_FMCS$CoarseConsumer.run()V+34
j  java.util.concurrent.Executors$RunnableAdapter.call()Ljava/lang/Object;+4
j  java.util.concurrent.FutureTask.run()V+42
j  java.util.concurrent.ThreadPoolExecutor.runWorker(Ljava/util/concurrent/ThreadPoolExecutor$Worker;)V+95
j  java.util.concurrent.ThreadPoolExecutor$Worker.run()V+5
j  java.lang.Thread.run()V+11
v  ~StubRoutines::call_stub

---------------  P R O C E S S  ---------------

Java Threads: ( => current thread )
=>0x00007f870a03b000 JavaThread "pool-1-thread-2" [_thread_in_native, id=19715, stack(0x00000001260ca000,0x00000001261ca000)]
  0x00007f870a1b1000 JavaThread "pool-1-thread-1" [_thread_in_native, id=19203, stack(0x0000000125fc7000,0x00000001260c7000)]
  0x00007f870a028800 JavaThread "Service Thread" daemon [_thread_blocked, id=18179, stack(0x0000000124d02000,0x0000000124e02000)]
  0x00007f870a015800 JavaThread "C1 CompilerThread2" daemon [_thread_in_native, id=17667, stack(0x0000000124bff000,0x0000000124cff000)]
  0x00007f870a015000 JavaThread "C2 CompilerThread1" daemon [_thread_in_native, id=17155, stack(0x0000000124afc000,0x0000000124bfc000)]
  0x00007f870a013000 JavaThread "C2 CompilerThread0" daemon [_thread_in_native, id=16643, stack(0x00000001249f9000,0x0000000124af9000)]
  0x00007f870a00a000 JavaThread "Signal Dispatcher" daemon [_thread_blocked, id=13335, stack(0x00000001248f6000,0x00000001249f6000)]
  0x00007f870905a000 JavaThread "Finalizer" daemon [_thread_blocked, id=11523, stack(0x0000000122fb3000,0x00000001230b3000)]
  0x00007f870980b800 JavaThread "Reference Handler" daemon [_thread_blocked, id=11011, stack(0x0000000122eb0000,0x0000000122fb0000)]
  0x00007f870a801000 JavaThread "main" [_thread_blocked, id=3847, stack(0x000000010cf1c000,0x000000010d01c000)]

Other Threads:
  0x00007f870a80c000 VMThread [stack: 0x0000000122dad000,0x0000000122ead000] [id=10499]
  0x00007f870a008800 WatcherThread [stack: 0x0000000124e05000,0x0000000124f05000] [id=18691]

VM state:not at safepoint (normal execution)

VM Mutex/Monitor currently owned by a thread: None

Heap:
 PSYoungGen      total 71680K, used 30256K [0x0000000795580000, 0x000000079a080000, 0x00000007c0000000)
  eden space 66560K, 37% used [0x0000000795580000,0x0000000796e0fa68,0x0000000799680000)
  from space 5120K, 99% used [0x0000000799b80000,0x000000079a07c8f8,0x000000079a080000)
  to   space 5120K, 0% used [0x0000000799680000,0x0000000799680000,0x0000000799b80000)
 ParOldGen       total 87552K, used 5941K [0x0000000740000000, 0x0000000745580000, 0x0000000795580000)
  object space 87552K, 6% used [0x0000000740000000,0x00000007405cd798,0x0000000745580000)
 Metaspace       used 19994K, capacity 20102K, committed 20224K, reserved 1067008K
  class space    used 3268K, capacity 3313K, committed 3328K, reserved 1048576K

Card table byte_map: [0x000000011c429000,0x000000011c82a000] byte_map_base: 0x0000000118a29000

Marking Bits: (ParMarkBitMap*) 0x000000010c89c330
 Begin Bits: [0x000000011cee1000, 0x000000011eee1000)
 End Bits:   [0x000000011eee1000, 0x0000000120ee1000)

Polling page: 0x000000010b7f3000

CodeCache: size=245760Kb used=5250Kb max_used=5250Kb free=240509Kb
 bounds [0x000000010d069000, 0x000000010d599000, 0x000000011c069000]
 total_blobs=2080 nmethods=1709 adapters=284
 compilation: enabled

Compilation events (10 events):
Event: 1.486 Thread 0x00007f870a015800 nmethod 1749 0x000000010d58b510 code [0x000000010d58b6a0, 0x000000010d58b9c8]
Event: 1.486 Thread 0x00007f870a015800 1750  s    2       java.lang.StringBuffer::setLength (11 bytes)
Event: 1.486 Thread 0x00007f870a015800 nmethod 1750 0x000000010d58bc10 code [0x000000010d58bd80, 0x000000010d58c068]
Event: 1.486 Thread 0x00007f870a015800 1742       1       sun.util.locale.BaseLocale::getRegion (5 bytes)
Event: 1.486 Thread 0x00007f870a015800 nmethod 1742 0x000000010d58c150 code [0x000000010d58c2a0, 0x000000010d58c3b0]
Event: 1.486 Thread 0x00007f870a015800 1743       1       java.text.DecimalFormatSymbols::getMinusSign (5 bytes)
Event: 1.486 Thread 0x00007f870a015800 nmethod 1743 0x000000010d58c410 code [0x000000010d58c560, 0x000000010d58c670]
Event: 1.486 Thread 0x00007f870a015800 1752       2       sun.util.locale.provider.LocaleProviderAdapter::getAdapter (171 bytes)
Event: 1.487 Thread 0x00007f870a015800 nmethod 1752 0x000000010d58c6d0 code [0x000000010d58c920, 0x000000010d58cf78]
Event: 1.487 Thread 0x00007f870a015800 1753       2       java.text.DecimalFormat::applyPattern (1591 bytes)

GC Heap History (4 events):
Event: 0.555 GC heap before
{Heap before GC invocations=1 (full 0):
 PSYoungGen      total 38400K, used 33280K [0x0000000795580000, 0x0000000798000000, 0x00000007c0000000)
  eden space 33280K, 100% used [0x0000000795580000,0x0000000797600000,0x0000000797600000)
  from space 5120K, 0% used [0x0000000797b00000,0x0000000797b00000,0x0000000798000000)
  to   space 5120K, 0% used [0x0000000797600000,0x0000000797600000,0x0000000797b00000)
 ParOldGen       total 87552K, used 0K [0x0000000740000000, 0x0000000745580000, 0x0000000795580000)
  object space 87552K, 0% used [0x0000000740000000,0x0000000740000000,0x0000000745580000)
 Metaspace       used 11176K, capacity 12396K, committed 12672K, reserved 1060864K
  class space    used 1769K, capacity 1832K, committed 1920K, reserved 1048576K
Event: 0.563 GC heap after
Heap after GC invocations=1 (full 0):
 PSYoungGen      total 38400K, used 5095K [0x0000000795580000, 0x000000079a080000, 0x00000007c0000000)
  eden space 33280K, 0% used [0x0000000795580000,0x0000000795580000,0x0000000797600000)
  from space 5120K, 99% used [0x0000000797600000,0x0000000797af9fd8,0x0000000797b00000)
  to   space 5120K, 0% used [0x0000000799b80000,0x0000000799b80000,0x000000079a080000)
 ParOldGen       total 87552K, used 2861K [0x0000000740000000, 0x0000000745580000, 0x0000000795580000)
  object space 87552K, 3% used [0x0000000740000000,0x00000007402cb710,0x0000000745580000)
 Metaspace       used 11176K, capacity 12396K, committed 12672K, reserved 1060864K
  class space    used 1769K, capacity 1832K, committed 1920K, reserved 1048576K
}
Event: 1.211 GC heap before
{Heap before GC invocations=2 (full 0):
 PSYoungGen      total 38400K, used 38375K [0x0000000795580000, 0x000000079a080000, 0x00000007c0000000)
  eden space 33280K, 100% used [0x0000000795580000,0x0000000797600000,0x0000000797600000)
  from space 5120K, 99% used [0x0000000797600000,0x0000000797af9fd8,0x0000000797b00000)
  to   space 5120K, 0% used [0x0000000799b80000,0x0000000799b80000,0x000000079a080000)
 ParOldGen       total 87552K, used 2861K [0x0000000740000000, 0x0000000745580000, 0x0000000795580000)
  object space 87552K, 3% used [0x0000000740000000,0x00000007402cb710,0x0000000745580000)
 Metaspace       used 18521K, capacity 18656K, committed 18816K, reserved 1064960K
  class space    used 3109K, capacity 3152K, committed 3200K, reserved 1048576K
Event: 1.225 GC heap after
Heap after GC invocations=2 (full 0):
 PSYoungGen      total 71680K, used 5106K [0x0000000795580000, 0x000000079a080000, 0x00000007c0000000)
  eden space 66560K, 0% used [0x0000000795580000,0x0000000795580000,0x0000000799680000)
  from space 5120K, 99% used [0x0000000799b80000,0x000000079a07c8f8,0x000000079a080000)
  to   space 5120K, 0% used [0x0000000799680000,0x0000000799680000,0x0000000799b80000)
 ParOldGen       total 87552K, used 5941K [0x0000000740000000, 0x0000000745580000, 0x0000000795580000)
  object space 87552K, 6% used [0x0000000740000000,0x00000007405cd798,0x0000000745580000)
 Metaspace       used 18521K, capacity 18656K, committed 18816K, reserved 1064960K
  class space    used 3109K, capacity 3152K, committed 3200K, reserved 1048576K
}

Deoptimization events (7 events):
Event: 0.436 Thread 0x00007f870a801000 Uncommon trap: reason=unloaded action=reinterpret pc=0x000000010d21041c method=sun.misc.URLClassPath.getLoader(I)Lsun/misc/URLClassPath$Loader; @ 113
Event: 0.438 Thread 0x00007f870a801000 Uncommon trap: reason=unreached action=reinterpret pc=0x000000010d2677d4 method=java.util.HashMap.getNode(ILjava/lang/Object;)Ljava/util/HashMap$Node; @ 49
Event: 0.633 Thread 0x00007f870a801000 Uncommon trap: reason=unreached action=reinterpret pc=0x000000010d26bcc8 method=java.util.HashMap.getNode(ILjava/lang/Object;)Ljava/util/HashMap$Node; @ 49
Event: 0.942 Thread 0x00007f870a801000 Uncommon trap: reason=unreached action=reinterpret pc=0x000000010d3382b4 method=java.util.HashMap.hash(Ljava/lang/Object;)I @ 1
Event: 1.037 Thread 0x00007f870a801000 Uncommon trap: reason=unreached action=reinterpret pc=0x000000010d3d19ec method=java.util.concurrent.ConcurrentHashMap.putVal(Ljava/lang/Object;Ljava/lang/Object;Z)Ljava/lang/Object; @ 181
Event: 1.240 Thread 0x00007f870a801000 Uncommon trap: reason=unreached action=reinterpret pc=0x000000010d4ce80c method=com.sun.org.apache.xerces.internal.util.SymbolTable.addSymbol([CII)Ljava/lang/String; @ 29
Event: 1.240 Thread 0x00007f870a801000 Uncommon trap: reason=unreached action=reinterpret pc=0x000000010d4a0fac method=com.sun.org.apache.xerces.internal.util.SymbolTable.addSymbol([CII)Ljava/lang/String; @ 29

Internal exceptions (10 events):
Event: 1.441 Thread 0x00007f870a03b000 Exception <a 'java/security/PrivilegedActionException'> (0x00000007968d6a30) thrown at [/HUDSON3/workspace/8-2-build-macosx-x86_64/jdk8u20/1074/hotspot/src/share/vm/prims/jvm.cpp, line 1275]
Event: 1.452 Thread 0x00007f870a03b000 Exception <a 'java/security/PrivilegedActionException'> (0x00000007968da2d8) thrown at [/HUDSON3/workspace/8-2-build-macosx-x86_64/jdk8u20/1074/hotspot/src/share/vm/prims/jvm.cpp, line 1275]
Event: 1.453 Thread 0x00007f870a03b000 Exception <a 'java/security/PrivilegedActionException'> (0x00000007968e2d00) thrown at [/HUDSON3/workspace/8-2-build-macosx-x86_64/jdk8u20/1074/hotspot/src/share/vm/prims/jvm.cpp, line 1275]
Event: 1.453 Thread 0x00007f870a03b000 Exception <a 'java/security/PrivilegedActionException'> (0x00000007968e50b0) thrown at [/HUDSON3/workspace/8-2-build-macosx-x86_64/jdk8u20/1074/hotspot/src/share/vm/prims/jvm.cpp, line 1275]
Event: 1.454 Thread 0x00007f870a03b000 Exception <a 'java/security/PrivilegedActionException'> (0x00000007968ee0c8) thrown at [/HUDSON3/workspace/8-2-build-macosx-x86_64/jdk8u20/1074/hotspot/src/share/vm/prims/jvm.cpp, line 1275]
Event: 1.465 Thread 0x00007f870a03b000 Exception <a 'java/security/PrivilegedActionException'> (0x0000000796910e08) thrown at [/HUDSON3/workspace/8-2-build-macosx-x86_64/jdk8u20/1074/hotspot/src/share/vm/prims/jvm.cpp, line 1275]
Event: 1.465 Thread 0x00007f870a03b000 Exception <a 'java/security/PrivilegedActionException'> (0x0000000796912608) thrown at [/HUDSON3/workspace/8-2-build-macosx-x86_64/jdk8u20/1074/hotspot/src/share/vm/prims/jvm.cpp, line 1275]
Event: 1.474 Thread 0x00007f870a03b000 Exception <a 'java/security/PrivilegedActionException'> (0x000000079692c5a0) thrown at [/HUDSON3/workspace/8-2-build-macosx-x86_64/jdk8u20/1074/hotspot/src/share/vm/prims/jvm.cpp, line 1275]
Event: 1.474 Thread 0x00007f870a03b000 Exception <a 'java/security/PrivilegedActionException'> (0x000000079692dcd8) thrown at [/HUDSON3/workspace/8-2-build-macosx-x86_64/jdk8u20/1074/hotspot/src/share/vm/prims/jvm.cpp, line 1275]
Event: 1.480 Thread 0x00007f870a03b000 Exception <a 'java/security/PrivilegedActionException'> (0x0000000796d4c420) thrown at [/HUDSON3/workspace/8-2-build-macosx-x86_64/jdk8u20/1074/hotspot/src/share/vm/prims/jvm.cpp, line 1275]

Events (10 events):
Event: 1.477 loading class java/text/DontCareFieldPosition$1
Event: 1.477 loading class java/text/DontCareFieldPosition$1 done
Event: 1.477 loading class java/text/NumberFormat$Field
Event: 1.477 loading class java/text/NumberFormat$Field done
Event: 1.477 loading class java/text/DigitList$1
Event: 1.477 loading class java/text/DigitList$1 done
Event: 1.480 loading class org/openscience/cdk/io/MDLV2000Writer$1
Event: 1.480 loading class org/openscience/cdk/io/MDLV2000Writer$1 done
Event: 1.488 loading class java/util/HashMap$KeyIterator
Event: 1.488 loading class java/util/HashMap$KeyIterator done


Dynamic libraries:
0x0000000002ff2000 	/System/Library/Frameworks/Cocoa.framework/Versions/A/Cocoa
0x0000000002ff2000 	/System/Library/Frameworks/Security.framework/Versions/A/Security
0x0000000002ff2000 	/System/Library/Frameworks/ApplicationServices.framework/Versions/A/ApplicationServices
0x0000000002ff2000 	/usr/lib/libz.1.dylib
0x0000000002ff2000 	/usr/lib/libSystem.B.dylib
0x0000000002ff2000 	/usr/lib/libobjc.A.dylib
0x0000000002ff2000 	/System/Library/Frameworks/CoreFoundation.framework/Versions/A/CoreFoundation
0x0000000002ff2000 	/System/Library/Frameworks/Foundation.framework/Versions/C/Foundation
0x0000000002ff2000 	/System/Library/Frameworks/AppKit.framework/Versions/C/AppKit
0x0000000002ff2000 	/System/Library/Frameworks/CoreData.framework/Versions/A/CoreData
0x0000000002ff2000 	/System/Library/PrivateFrameworks/RemoteViewServices.framework/Versions/A/RemoteViewServices
0x0000000002ff2000 	/System/Library/PrivateFrameworks/UIFoundation.framework/Versions/A/UIFoundation
0x0000000002ff2000 	/System/Library/Frameworks/IOSurface.framework/Versions/A/IOSurface
0x0000000002ff2000 	/System/Library/Frameworks/AudioToolbox.framework/Versions/A/AudioToolbox
0x0000000002ff2000 	/System/Library/Frameworks/AudioUnit.framework/Versions/A/AudioUnit
0x0000000002ff2000 	/System/Library/PrivateFrameworks/DataDetectorsCore.framework/Versions/A/DataDetectorsCore
0x0000000002ff2000 	/System/Library/PrivateFrameworks/DesktopServicesPriv.framework/Versions/A/DesktopServicesPriv
0x0000000002ff2000 	/System/Library/Frameworks/Carbon.framework/Versions/A/Frameworks/HIToolbox.framework/Versions/A/HIToolbox
0x0000000002ff2000 	/System/Library/Frameworks/QuartzCore.framework/Versions/A/QuartzCore
0x0000000002ff2000 	/System/Library/Frameworks/Carbon.framework/Versions/A/Frameworks/SpeechRecognition.framework/Versions/A/SpeechRecognition
0x0000000002ff2000 	/usr/lib/libauto.dylib
0x0000000002ff2000 	/usr/lib/libicucore.A.dylib
0x0000000002ff2000 	/usr/lib/libxml2.2.dylib
0x0000000002ff2000 	/System/Library/PrivateFrameworks/CoreUI.framework/Versions/A/CoreUI
0x0000000002ff2000 	/System/Library/Frameworks/CoreAudio.framework/Versions/A/CoreAudio
0x0000000002ff2000 	/System/Library/Frameworks/DiskArbitration.framework/Versions/A/DiskArbitration
0x0000000002ff2000 	/usr/lib/liblangid.dylib
0x0000000002ff2000 	/System/Library/PrivateFrameworks/MultitouchSupport.framework/Versions/A/MultitouchSupport
0x0000000002ff2000 	/System/Library/Frameworks/IOKit.framework/Versions/A/IOKit
0x0000000002ff2000 	/usr/lib/libDiagnosticMessagesClient.dylib
0x0000000002ff2000 	/System/Library/Frameworks/CoreServices.framework/Versions/A/CoreServices
0x0000000002ff2000 	/System/Library/PrivateFrameworks/PerformanceAnalysis.framework/Versions/A/PerformanceAnalysis
0x0000000002ff2000 	/System/Library/PrivateFrameworks/GenerationalStorage.framework/Versions/A/GenerationalStorage
0x0000000002ff2000 	/System/Library/Frameworks/OpenGL.framework/Versions/A/OpenGL
0x0000000002ff2000 	/System/Library/PrivateFrameworks/Sharing.framework/Versions/A/Sharing
0x0000000002ff2000 	/System/Library/Frameworks/CoreGraphics.framework/Versions/A/CoreGraphics
0x0000000002ff2000 	/System/Library/Frameworks/CoreText.framework/Versions/A/CoreText
0x0000000002ff2000 	/System/Library/Frameworks/ImageIO.framework/Versions/A/ImageIO
0x0000000002ff2000 	/usr/lib/libextension.dylib
0x0000000002ff2000 	/System/Library/PrivateFrameworks/Backup.framework/Versions/A/Backup
0x0000000002ff2000 	/usr/lib/libarchive.2.dylib
0x0000000002ff2000 	/System/Library/Frameworks/CFNetwork.framework/Versions/A/CFNetwork
0x0000000002ff2000 	/System/Library/Frameworks/SystemConfiguration.framework/Versions/A/SystemConfiguration
0x0000000002ff2000 	/usr/lib/libCRFSuite.dylib
0x0000000002ff2000 	/usr/lib/libc++.1.dylib
0x0000000002ff2000 	/usr/lib/libc++abi.dylib
0x0000000002ff2000 	/usr/lib/system/libcache.dylib
0x0000000002ff2000 	/usr/lib/system/libcommonCrypto.dylib
0x0000000002ff2000 	/usr/lib/system/libcompiler_rt.dylib
0x0000000002ff2000 	/usr/lib/system/libcopyfile.dylib
0x0000000002ff2000 	/usr/lib/system/libcorecrypto.dylib
0x0000000002ff2000 	/usr/lib/system/libdispatch.dylib
0x0000000002ff2000 	/usr/lib/system/libdyld.dylib
0x0000000002ff2000 	/usr/lib/system/libkeymgr.dylib
0x0000000002ff2000 	/usr/lib/system/liblaunch.dylib
0x0000000002ff2000 	/usr/lib/system/libmacho.dylib
0x0000000002ff2000 	/usr/lib/system/libquarantine.dylib
0x0000000002ff2000 	/usr/lib/system/libremovefile.dylib
0x0000000002ff2000 	/usr/lib/system/libsystem_asl.dylib
0x0000000002ff2000 	/usr/lib/system/libsystem_blocks.dylib
0x0000000002ff2000 	/usr/lib/system/libsystem_c.dylib
0x0000000002ff2000 	/usr/lib/system/libsystem_configuration.dylib
0x0000000002ff2000 	/usr/lib/system/libsystem_coreservices.dylib
0x0000000002ff2000 	/usr/lib/system/libsystem_coretls.dylib
0x0000000002ff2000 	/usr/lib/system/libsystem_dnssd.dylib
0x0000000002ff2000 	/usr/lib/system/libsystem_info.dylib
0x0000000002ff2000 	/usr/lib/system/libsystem_kernel.dylib
0x0000000002ff2000 	/usr/lib/system/libsystem_m.dylib
0x0000000002ff2000 	/usr/lib/system/libsystem_malloc.dylib
0x0000000002ff2000 	/usr/lib/system/libsystem_network.dylib
0x0000000002ff2000 	/usr/lib/system/libsystem_networkextension.dylib
0x0000000002ff2000 	/usr/lib/system/libsystem_notify.dylib
0x0000000002ff2000 	/usr/lib/system/libsystem_platform.dylib
0x0000000002ff2000 	/usr/lib/system/libsystem_pthread.dylib
0x0000000002ff2000 	/usr/lib/system/libsystem_sandbox.dylib
0x0000000002ff2000 	/usr/lib/system/libsystem_secinit.dylib
0x0000000002ff2000 	/usr/lib/system/libsystem_stats.dylib
0x0000000002ff2000 	/usr/lib/system/libsystem_trace.dylib
0x0000000002ff2000 	/usr/lib/system/libunc.dylib
0x0000000002ff2000 	/usr/lib/system/libunwind.dylib
0x0000000002ff2000 	/usr/lib/system/libxpc.dylib
0x0000000002ff2000 	/usr/lib/libbz2.1.0.dylib
0x0000000002ff2000 	/usr/lib/liblzma.5.dylib
0x0000000002ff2000 	/usr/lib/libbsm.0.dylib
0x0000000002ff2000 	/usr/lib/libsqlite3.dylib
0x0000000002ff2000 	/usr/lib/system/libkxld.dylib
0x0000000002ff2000 	/usr/lib/libxar.1.dylib
0x0000000002ff2000 	/usr/lib/libpam.2.dylib
0x0000000002ff2000 	/usr/lib/libOpenScriptingUtil.dylib
0x0000000002ff2000 	/System/Library/Frameworks/CoreServices.framework/Versions/A/Frameworks/FSEvents.framework/Versions/A/FSEvents
0x0000000002ff2000 	/System/Library/Frameworks/CoreServices.framework/Versions/A/Frameworks/CarbonCore.framework/Versions/A/CarbonCore
0x0000000002ff2000 	/System/Library/Frameworks/CoreServices.framework/Versions/A/Frameworks/Metadata.framework/Versions/A/Metadata
0x0000000002ff2000 	/System/Library/Frameworks/CoreServices.framework/Versions/A/Frameworks/OSServices.framework/Versions/A/OSServices
0x0000000002ff2000 	/System/Library/Frameworks/CoreServices.framework/Versions/A/Frameworks/SearchKit.framework/Versions/A/SearchKit
0x0000000002ff2000 	/System/Library/Frameworks/CoreServices.framework/Versions/A/Frameworks/AE.framework/Versions/A/AE
0x0000000002ff2000 	/System/Library/Frameworks/CoreServices.framework/Versions/A/Frameworks/LaunchServices.framework/Versions/A/LaunchServices
0x0000000002ff2000 	/System/Library/Frameworks/CoreServices.framework/Versions/A/Frameworks/DictionaryServices.framework/Versions/A/DictionaryServices
0x0000000002ff2000 	/System/Library/Frameworks/NetFS.framework/Versions/A/NetFS
0x0000000002ff2000 	/System/Library/PrivateFrameworks/NetAuth.framework/Versions/A/NetAuth
0x0000000002ff2000 	/System/Library/PrivateFrameworks/login.framework/Versions/A/Frameworks/loginsupport.framework/Versions/A/loginsupport
0x0000000002ff2000 	/System/Library/PrivateFrameworks/TCC.framework/Versions/A/TCC
0x0000000002ff2000 	/usr/lib/libmecabra.dylib
0x0000000002ff2000 	/System/Library/Frameworks/ApplicationServices.framework/Versions/A/Frameworks/ATS.framework/Versions/A/ATS
0x0000000002ff2000 	/System/Library/Frameworks/ApplicationServices.framework/Versions/A/Frameworks/ColorSync.framework/Versions/A/ColorSync
0x0000000002ff2000 	/System/Library/Frameworks/ApplicationServices.framework/Versions/A/Frameworks/HIServices.framework/Versions/A/HIServices
0x0000000002ff2000 	/System/Library/Frameworks/ApplicationServices.framework/Versions/A/Frameworks/LangAnalysis.framework/Versions/A/LangAnalysis
0x0000000002ff2000 	/System/Library/Frameworks/ApplicationServices.framework/Versions/A/Frameworks/PrintCore.framework/Versions/A/PrintCore
0x0000000002ff2000 	/System/Library/Frameworks/ApplicationServices.framework/Versions/A/Frameworks/QD.framework/Versions/A/QD
0x0000000002ff2000 	/System/Library/Frameworks/ApplicationServices.framework/Versions/A/Frameworks/SpeechSynthesis.framework/Versions/A/SpeechSynthesis
0x0000000002ff2000 	/System/Library/Frameworks/Accelerate.framework/Versions/A/Accelerate
0x0000000002ff2000 	/System/Library/Frameworks/Accelerate.framework/Versions/A/Frameworks/vImage.framework/Versions/A/vImage
0x0000000002ff2000 	/System/Library/Frameworks/Accelerate.framework/Versions/A/Frameworks/vecLib.framework/Versions/A/vecLib
0x0000000002ff2000 	/System/Library/Frameworks/Accelerate.framework/Versions/A/Frameworks/vecLib.framework/Versions/A/libvDSP.dylib
0x0000000002ff2000 	/System/Library/Frameworks/Accelerate.framework/Versions/A/Frameworks/vecLib.framework/Versions/A/libvMisc.dylib
0x0000000002ff2000 	/System/Library/Frameworks/Accelerate.framework/Versions/A/Frameworks/vecLib.framework/Versions/A/libLAPACK.dylib
0x0000000002ff2000 	/System/Library/Frameworks/Accelerate.framework/Versions/A/Frameworks/vecLib.framework/Versions/A/libBLAS.dylib
0x0000000002ff2000 	/System/Library/Frameworks/Accelerate.framework/Versions/A/Frameworks/vecLib.framework/Versions/A/libLinearAlgebra.dylib
0x0000000002ff2000 	/System/Library/Frameworks/ApplicationServices.framework/Versions/A/Frameworks/ATS.framework/Versions/A/Resources/libFontParser.dylib
0x0000000002ff2000 	/System/Library/Frameworks/ApplicationServices.framework/Versions/A/Frameworks/ATS.framework/Versions/A/Resources/libFontRegistry.dylib
0x0000000002ff2000 	/System/Library/PrivateFrameworks/AppleVPA.framework/Versions/A/AppleVPA
0x0000000002ff2000 	/System/Library/PrivateFrameworks/AppleJPEG.framework/Versions/A/AppleJPEG
0x0000000002ff2000 	/System/Library/Frameworks/ImageIO.framework/Versions/A/Resources/libJPEG.dylib
0x0000000002ff2000 	/System/Library/Frameworks/ImageIO.framework/Versions/A/Resources/libTIFF.dylib
0x0000000002ff2000 	/System/Library/Frameworks/ImageIO.framework/Versions/A/Resources/libPng.dylib
0x0000000002ff2000 	/System/Library/Frameworks/ImageIO.framework/Versions/A/Resources/libGIF.dylib
0x0000000002ff2000 	/System/Library/Frameworks/ImageIO.framework/Versions/A/Resources/libJP2.dylib
0x0000000002ff2000 	/System/Library/Frameworks/ImageIO.framework/Versions/A/Resources/libRadiance.dylib
0x0000000002ff2000 	/System/Library/Frameworks/CoreVideo.framework/Versions/A/CoreVideo
0x0000000002ff2000 	/System/Library/Frameworks/OpenGL.framework/Versions/A/Libraries/libGLU.dylib
0x0000000002ff2000 	/System/Library/Frameworks/OpenGL.framework/Versions/A/Libraries/libGFXShared.dylib
0x0000000002ff2000 	/System/Library/Frameworks/OpenGL.framework/Versions/A/Libraries/libGL.dylib
0x0000000002ff2000 	/System/Library/Frameworks/OpenGL.framework/Versions/A/Libraries/libGLImage.dylib
0x0000000002ff2000 	/System/Library/Frameworks/OpenGL.framework/Versions/A/Libraries/libCVMSPluginSupport.dylib
0x0000000002ff2000 	/System/Library/Frameworks/OpenGL.framework/Versions/A/Libraries/libCoreVMClient.dylib
0x0000000002ff2000 	/usr/lib/libcups.2.dylib
0x0000000002ff2000 	/System/Library/Frameworks/Kerberos.framework/Versions/A/Kerberos
0x0000000002ff2000 	/System/Library/Frameworks/GSS.framework/Versions/A/GSS
0x0000000002ff2000 	/usr/lib/libresolv.9.dylib
0x0000000002ff2000 	/usr/lib/libiconv.2.dylib
0x0000000002ff2000 	/System/Library/PrivateFrameworks/Heimdal.framework/Versions/A/Heimdal
0x0000000002ff2000 	/usr/lib/libheimdal-asn1.dylib
0x0000000002ff2000 	/System/Library/Frameworks/OpenDirectory.framework/Versions/A/OpenDirectory
0x0000000002ff2000 	/System/Library/PrivateFrameworks/CommonAuth.framework/Versions/A/CommonAuth
0x0000000002ff2000 	/System/Library/Frameworks/OpenDirectory.framework/Versions/A/Frameworks/CFOpenDirectory.framework/Versions/A/CFOpenDirectory
0x0000000002ff2000 	/System/Library/Frameworks/SecurityFoundation.framework/Versions/A/SecurityFoundation
0x0000000002ff2000 	/System/Library/PrivateFrameworks/LanguageModeling.framework/Versions/A/LanguageModeling
0x0000000002ff2000 	/usr/lib/libcmph.dylib
0x0000000002ff2000 	/System/Library/Frameworks/ServiceManagement.framework/Versions/A/ServiceManagement
0x0000000002ff2000 	/usr/lib/libxslt.1.dylib
0x0000000002ff2000 	/System/Library/Frameworks/Carbon.framework/Versions/A/Frameworks/Ink.framework/Versions/A/Ink
0x0000000002ff2000 	/System/Library/Frameworks/QuartzCore.framework/Versions/A/Frameworks/CoreImage.framework/Versions/A/CoreImage
0x0000000002ff2000 	/System/Library/PrivateFrameworks/CrashReporterSupport.framework/Versions/A/CrashReporterSupport
0x0000000002ff2000 	/System/Library/Frameworks/OpenCL.framework/Versions/A/OpenCL
0x0000000002ff2000 	/System/Library/PrivateFrameworks/FaceCore.framework/Versions/A/FaceCore
0x0000000002ff2000 	/System/Library/PrivateFrameworks/Ubiquity.framework/Versions/A/Ubiquity
0x0000000002ff2000 	/System/Library/PrivateFrameworks/IconServices.framework/Versions/A/IconServices
0x0000000002ff2000 	/System/Library/PrivateFrameworks/ChunkingLibrary.framework/Versions/A/ChunkingLibrary
0x0000000002ff2000 	/System/Library/PrivateFrameworks/Apple80211.framework/Versions/A/Apple80211
0x0000000002ff2000 	/System/Library/Frameworks/CoreWLAN.framework/Versions/A/CoreWLAN
0x0000000002ff2000 	/System/Library/Frameworks/IOBluetooth.framework/Versions/A/IOBluetooth
0x0000000002ff2000 	/System/Library/PrivateFrameworks/CoreWiFi.framework/Versions/A/CoreWiFi
0x0000000002ff2000 	/System/Library/Frameworks/CoreBluetooth.framework/Versions/A/CoreBluetooth
0x0000000002ff2000 	/System/Library/PrivateFrameworks/DebugSymbols.framework/Versions/A/DebugSymbols
0x0000000002ff2000 	/System/Library/PrivateFrameworks/CoreSymbolication.framework/Versions/A/CoreSymbolication
0x0000000002ff2000 	/System/Library/PrivateFrameworks/Symbolication.framework/Versions/A/Symbolication
0x0000000002ff2000 	/System/Library/PrivateFrameworks/SpeechRecognitionCore.framework/Versions/A/SpeechRecognitionCore
0x000000010c000000 	/Library/Java/JavaVirtualMachines/jdk1.8.0_20.jdk/Contents/Home/jre/lib/server/libjvm.dylib
0x0000000002ff2000 	/usr/lib/libstdc++.6.dylib
0x000000010d01e000 	/Library/Java/JavaVirtualMachines/jdk1.8.0_20.jdk/Contents/Home/jre/lib/libverify.dylib
0x000000010d02c000 	/Library/Java/JavaVirtualMachines/jdk1.8.0_20.jdk/Contents/Home/jre/lib/libjava.dylib
0x000000010d060000 	/Library/Java/JavaVirtualMachines/jdk1.8.0_20.jdk/Contents/Home/jre/lib/libzip.dylib
0x00000001230b5000 	/System/Library/Frameworks/JavaVM.framework/Frameworks/JavaRuntimeSupport.framework/JavaRuntimeSupport
0x00000001230cb000 	/System/Library/Frameworks/JavaVM.framework/Versions/A/Frameworks/JavaNativeFoundation.framework/Versions/A/JavaNativeFoundation
0x00000001230df000 	/System/Library/Frameworks/JavaVM.framework/Versions/A/JavaVM
0x0000000002ff2000 	/System/Library/Frameworks/Carbon.framework/Versions/A/Carbon
0x00000001230eb000 	/System/Library/PrivateFrameworks/JavaLaunching.framework/Versions/A/JavaLaunching
0x0000000002ff2000 	/System/Library/Frameworks/Carbon.framework/Versions/A/Frameworks/CommonPanels.framework/Versions/A/CommonPanels
0x0000000002ff2000 	/System/Library/Frameworks/Carbon.framework/Versions/A/Frameworks/Help.framework/Versions/A/Help
0x0000000002ff2000 	/System/Library/Frameworks/Carbon.framework/Versions/A/Frameworks/ImageCapture.framework/Versions/A/ImageCapture
0x0000000002ff2000 	/System/Library/Frameworks/Carbon.framework/Versions/A/Frameworks/OpenScripting.framework/Versions/A/OpenScripting
0x0000000002ff2000 	/System/Library/Frameworks/Carbon.framework/Versions/A/Frameworks/Print.framework/Versions/A/Print
0x0000000002ff2000 	/System/Library/Frameworks/Carbon.framework/Versions/A/Frameworks/SecurityHI.framework/Versions/A/SecurityHI
0x00000001261cc000 	/Users/dcdanko/UROP/MolSearch/lib/libfmcsjni.dylib

VM Arguments:
jvm_args: -Djava.library.path=lib/ 
java_command: build/jar/Ammolite.jar test -d 30_fully_labeled.gad/ -o temp -F --description testing fmcs interface -t 0.9 -p 0.8 -q molecule_sets/smalls/caff_viagra.sdf
java_class_path (initial): build/jar/Ammolite.jar
Launcher Type: SUN_STANDARD

Environment Variables:
PATH=/usr/local/heroku/bin:/usr/local/bin:/Users/dcdanko/go/bin:/usr/local/bin:/usr/bin:/bin:/usr/sbin:/sbin:/usr/local/go/bin:/usr/local/MacGPG2/bin
SHELL=/bin/bash

Signal Handlers:
SIGSEGV: [libjvm.dylib+0x578fd7], sa_mask[0]=11111111011111110111111111111111, sa_flags=SA_ONSTACK|SA_RESTART|SA_SIGINFO
SIGBUS: [libjvm.dylib+0x578fd7], sa_mask[0]=11111111011111110111111111111111, sa_flags=SA_RESTART|SA_SIGINFO
SIGFPE: [libjvm.dylib+0x45ab0c], sa_mask[0]=11111111011111110111111111111111, sa_flags=SA_RESTART|SA_SIGINFO
SIGPIPE: [libjvm.dylib+0x45ab0c], sa_mask[0]=11111111011111110111111111111111, sa_flags=SA_RESTART|SA_SIGINFO
SIGXFSZ: [libjvm.dylib+0x45ab0c], sa_mask[0]=11111111011111110111111111111111, sa_flags=SA_RESTART|SA_SIGINFO
SIGILL: [libjvm.dylib+0x45ab0c], sa_mask[0]=11111111011111110111111111111111, sa_flags=SA_RESTART|SA_SIGINFO
SIGUSR1: SIG_DFL, sa_mask[0]=11011111011111100000000111000110, sa_flags=none
SIGUSR2: [libjvm.dylib+0x45a62a], sa_mask[0]=00000000000000000000000000000000, sa_flags=SA_RESTART|SA_SIGINFO
SIGHUP: [libjvm.dylib+0x458bfd], sa_mask[0]=11111111011111110111111111111111, sa_flags=SA_RESTART|SA_SIGINFO
SIGINT: [libjvm.dylib+0x458bfd], sa_mask[0]=11111111011111110111111111111111, sa_flags=SA_RESTART|SA_SIGINFO
SIGTERM: [libjvm.dylib+0x458bfd], sa_mask[0]=11111111011111110111111111111111, sa_flags=SA_RESTART|SA_SIGINFO
SIGQUIT: [libjvm.dylib+0x458bfd], sa_mask[0]=11111111011111110111111111111111, sa_flags=SA_RESTART|SA_SIGINFO


---------------  S Y S T E M  ---------------

OS:Bsduname:Darwin 14.1.0 Darwin Kernel Version 14.1.0: Mon Dec 22 23:10:38 PST 2014; root:xnu-2782.10.72~2/RELEASE_X86_64 x86_64
rlimit: STACK 8192k, CORE 0k, NPROC 709, NOFILE 10240, AS infinity
load average:1.44 1.46 1.49

CPU:total 4 (2 cores per cpu, 2 threads per core) family 6 model 69 stepping 1, cmov, cx8, fxsr, mmx, sse, sse2, sse3, ssse3, sse4.1, sse4.2, popcnt, avx, avx2, aes, clmul, erms, lzcnt, ht, tsc, tscinvbit, bmi1, bmi2

Memory: 4k page, physical 8388608k(452428k free)

/proc/meminfo:


vm_info: Java HotSpot(TM) 64-Bit Server VM (25.20-b23) for bsd-amd64 JRE (1.8.0_20-b26), built on Jul 30 2014 13:37:47 by "java_re" with gcc 4.2.1 (Based on Apple Inc. build 5658) (LLVM build 2336.9.00)

time: Wed Mar  4 16:59:53 2015
elapsed time: 1 seconds (0d 0h 0m 1s)

