From https://github.com/ndaniels/MolSearch
   f6eecb0..192b19d  smsd       -> origin/smsd
Updating f6eecb0..192b19d
Fast-forward
 build/edu/mit/csail/fmcsj/AbstractMCS.class |  Bin 2082 -> 2082 bytes
 build/jar/Ammolite.jar                      |  Bin 126630 -> 126628 bytes
 src/edu/mit/csail/fmcsj/AbstractMCS.java    |    2 +-
 3 files changed, 1 insertion(+), 1 deletion(-)
[H[JScanning 30_random_molecules.sdf
Finished Scanning after 780 milliseconds
Finished closing files after 780 milliseconds
Decompressing 30.adb
29 clusters
Calculating pairwise distances for 29 clusters
Using 20 threads
Done calculating pairwise distances. Took 16850 milliseconds, 326888 in MCS
Time breakdown:
0 Time 1300 Dist 0.6666666666666666
1 Time 2360 Dist 0.40625
2 Time 5345 Dist 0.4166666666666667
3 Time 1889 Dist 0.5909090909090909
4 Time 1932 Dist 0.4642857142857143
5 Time 1953 Dist 0.4375
6 Time 1889 Dist 0.5454545454545454
7 Time 2173 Dist 0.48148148148148145
8 Time 2753 Dist 0.36363636363636365
9 Time 2317 Dist 0.5217391304347826
10 Time 1451 Dist 0.5909090909090909
11 Time 1728 Dist 0.5769230769230769
12 Time 2108 Dist 0.4375
13 Time 1576 Dist 0.5652173913043478
14 Time 1119 Dist 0.5909090909090909
15 Time 1624 Dist 0.30434782608695654
16 Time 1530 Dist 0.38461538461538464
17 Time 2379 Dist 0.20588235294117646
18 Time 1888 Dist 0.4090909090909091
19 Time 1898 Dist 0.36363636363636365
20 Time 760 Dist 0.34782608695652173
21 Time 467 Dist 0.42857142857142855
22 Time 376 Dist 0.38461538461538464
23 Time 726 Dist 0.20588235294117646
24 Time 139 Dist 0.631578947368421
25 Time 345 Dist 0.36363636363636365
26 Time 137 Dist 0.34782608695652173
27 Time 104 Dist 0.625
28 Time 492 Dist 0.4230769230769231
29 Time 1220 Dist 0.34375
30 Time 1479 Dist 0.2972972972972973
31 Time 604 Dist 0.4074074074074074
32 Time 663 Dist 0.4230769230769231
33 Time 446 Dist 0.4074074074074074
34 Time 411 Dist 0.2222222222222222
35 Time 180 Dist 0.2222222222222222
36 Time 42 Dist 0.47368421052631576
37 Time 75 Dist 0.36
38 Time 275 Dist 0.18181818181818182
39 Time 79 Dist 0.38095238095238093
40 Time 85 Dist 0.2727272727272727
41 Time 136 Dist 0.2608695652173913
42 Time 110 Dist 0.3333333333333333
43 Time 57 Dist 0.6
44 Time 65 Dist 0.24
45 Time 29 Dist 0.2631578947368421
46 Time 28 Dist 0.2
47 Time 21 Dist 0.16666666666666666
48 Time 6 Dist 0.25
49 Time 5 Dist 0.2631578947368421
50 Time 9 Dist 0.25
51 Time 11 Dist 0.42857142857142855
52 Time 1 Dist 0.3333333333333333
53 Time 7 Dist 0.22727272727272727
54 Time 14 Dist 0.5
55 Time 431 Dist 0.3125
56 Time 1724 Dist 0.23076923076923078
57 Time 2190 Dist 0.2926829268292683
58 Time 677 Dist 0.30303030303030304
59 Time 649 Dist 0.2727272727272727
60 Time 403 Dist 0.2647058823529412
61 Time 338 Dist 0.22580645161290322
62 Time 219 Dist 0.22580645161290322
63 Time 531 Dist 0.25
64 Time 47 Dist 0.2
65 Time 3 Dist 0.18518518518518517
66 Time 8 Dist 0.8
67 Time 1008 Dist 0.5555555555555556
68 Time 835 Dist 0.46875
69 Time 338 Dist 0.6086956521739131
70 Time 870 Dist 0.44
71 Time 676 Dist 0.48
72 Time 414 Dist 0.28
73 Time 373 Dist 0.391304347826087
74 Time 700 Dist 0.39285714285714285
75 Time 62 Dist 0.42857142857142855
76 Time 11 Dist 0.23809523809523808
77 Time 576 Dist 0.29411764705882354
78 Time 907 Dist 0.5652173913043478
79 Time 803 Dist 0.5555555555555556
80 Time 1724 Dist 0.46875
81 Time 924 Dist 0.5416666666666666
82 Time 1341 Dist 0.5
83 Time 576 Dist 0.6086956521739131
84 Time 371 Dist 0.45454545454545453
85 Time 521 Dist 0.45454545454545453
86 Time 855 Dist 0.39285714285714285
87 Time 81 Dist 0.25
88 Time 40 Dist 0.23809523809523808
89 Time 981 Dist 0.29411764705882354
90 Time 975 Dist 0.5833333333333334
91 Time 755 Dist 0.2857142857142857
92 Time 1314 Dist 0.3548387096774194
93 Time 2194 Dist 0.2702702702702703
94 Time 921 Dist 0.32142857142857145
95 Time 774 Dist 0.3333333333333333
96 Time 552 Dist 0.37037037037037035
97 Time 649 Dist 0.391304347826087
98 Time 429 Dist 0.391304347826087
99 Time 760 Dist 0.21875
100 Time 168 Dist 0.25
101 Time 37 Dist 0.3
102 Time 732 Dist 0.3333333333333333
103 Time 856 Dist 0.26666666666666666
104 Time 1091 Dist 0.35714285714285715
105 Time 680 Dist 0.28125
106 Time 1635 Dist 0.23684210526315788
107 Time 2613 Dist 0.20930232558139536
108 Time 903 Dist 0.2727272727272727
109 Time 974 Dist 0.24242424242424243
110 Time 632 Dist 0.2727272727272727
111 Time 443 Dist 0.1935483870967742
112 Time 305 Dist 0.32142857142857145
113 Time 1037 Dist 0.3333333333333333
114 Time 88 Dist 0.4
115 Time 14 Dist 0.19230769230769232
116 Time 894 Dist 0.1951219512195122
117 Time 795 Dist 0.2647058823529412
118 Time 1160 Dist 0.22857142857142856
119 Time 941 Dist 0.22857142857142856
120 Time 388 Dist 0.3
121 Time 1013 Dist 0.25
122 Time 1616 Dist 0.25
123 Time 792 Dist 0.25
124 Time 683 Dist 0.39285714285714285
125 Time 451 Dist 0.2903225806451613
126 Time 348 Dist 0.20689655172413793
127 Time 217 Dist 0.20689655172413793
128 Time 598 Dist 0.3548387096774194
129 Time 121 Dist 0.2222222222222222
130 Time 52 Dist 0.20833333333333334
131 Time 697 Dist 0.20512820512820512
132 Time 824 Dist 0.24242424242424243
133 Time 1053 Dist 0.24242424242424243
134 Time 695 Dist 0.24242424242424243
135 Time 1172 Dist 0.3939393939393939
136 Time 616 Dist 0.2903225806451613
137 Time 1454 Dist 0.24324324324324326
138 Time 1686 Dist 0.24390243902439024
139 Time 897 Dist 0.24242424242424243
140 Time 682 Dist 0.25
141 Time 557 Dist 0.28125
142 Time 472 Dist 0.2
143 Time 305 Dist 0.3333333333333333
144 Time 1002 Dist 0.22857142857142856
145 Time 63 Dist 0.4782608695652174
146 Time 70 Dist 0.25
147 Time 968 Dist 0.4117647058823529
148 Time 978 Dist 0.2727272727272727
149 Time 921 Dist 0.23529411764705882
150 Time 707 Dist 0.23529411764705882
151 Time 1112 Dist 0.2702702702702703
152 Time 767 Dist 0.25
153 Time 121 Dist 0.38095238095238093
154 Time 231 Dist 0.2962962962962963
155 Time 252 Dist 0.25
156 Time 125 Dist 0.36363636363636365
157 Time 79 Dist 0.3181818181818182
158 Time 71 Dist 0.36363636363636365
159 Time 133 Dist 0.3157894736842105
160 Time 109 Dist 0.3157894736842105
161 Time 74 Dist 0.28
162 Time 12 Dist 0.35294117647058826
163 Time 22 Dist 0.46153846153846156
164 Time 87 Dist 0.23333333333333334
165 Time 94 Dist 0.2916666666666667
166 Time 169 Dist 0.2916666666666667
167 Time 119 Dist 0.34782608695652173
168 Time 70 Dist 0.2857142857142857
169 Time 53 Dist 0.3076923076923077
170 Time 135 Dist 0.2962962962962963
171 Time 495 Dist 0.48148148148148145
172 Time 2145 Dist 0.3939393939393939
173 Time 2006 Dist 0.24390243902439024
174 Time 941 Dist 0.3225806451612903
175 Time 611 Dist 0.3793103448275862
176 Time 794 Dist 0.3225806451612903
177 Time 463 Dist 0.2
178 Time 347 Dist 0.38461538461538464
179 Time 736 Dist 0.30303030303030304
180 Time 89 Dist 0.36
181 Time 4 Dist 0.2
182 Time 742 Dist 0.2
183 Time 1196 Dist 0.4
184 Time 1137 Dist 0.2727272727272727
185 Time 983 Dist 0.23529411764705882
186 Time 1003 Dist 0.23684210526315788
187 Time 908 Dist 0.40625
188 Time 1213 Dist 0.24324324324324326
189 Time 67 Dist 0.2962962962962963
190 Time 1239 Dist 0.4642857142857143
191 Time 2709 Dist 0.46875
192 Time 3168 Dist 0.5757575757575758
193 Time 612 Dist 0.5
194 Time 1081 Dist 0.36666666666666664
195 Time 791 Dist 0.5
196 Time 699 Dist 0.23333333333333334
197 Time 436 Dist 0.32142857142857145
198 Time 1295 Dist 0.3333333333333333
199 Time 97 Dist 0.34615384615384615
200 Time 27 Dist 0.24
201 Time 1284 Dist 0.2564102564102564
202 Time 727 Dist 0.72
203 Time 1639 Dist 0.4827586206896552
204 Time 1432 Dist 0.22857142857142856
205 Time 1424 Dist 0.23076923076923078
206 Time 1101 Dist 0.24324324324324326
207 Time 1003 Dist 0.23684210526315788
208 Time 236 Dist 0.2857142857142857
209 Time 1967 Dist 0.34285714285714286
210 Time 1364 Dist 0.3225806451612903
211 Time 2796 Dist 0.2702702702702703
212 Time 4460 Dist 0.23809523809523808
213 Time 1706 Dist 0.4
214 Time 1654 Dist 0.41379310344827586
215 Time 1350 Dist 0.3125
216 Time 474 Dist 0.37037037037037035
217 Time 336 Dist 0.37037037037037035
218 Time 926 Dist 0.29411764705882354
219 Time 160 Dist 0.20689655172413793
220 Time 19 Dist 0.19230769230769232
221 Time 1566 Dist 0.2564102564102564
222 Time 1588 Dist 0.30303030303030304
223 Time 2559 Dist 0.34375
224 Time 1447 Dist 0.2647058823529412
225 Time 2033 Dist 0.23076923076923078
226 Time 2141 Dist 0.4838709677419355
227 Time 1340 Dist 0.23684210526315788
228 Time 155 Dist 0.2857142857142857
229 Time 2167 Dist 0.38235294117647056
230 Time 3290 Dist 0.2631578947368421
231 Time 39 Dist 0.5789473684210527
232 Time 114 Dist 0.44
233 Time 34 Dist 0.36666666666666664
234 Time 44 Dist 0.55
235 Time 84 Dist 0.5789473684210527
236 Time 25 Dist 0.55
237 Time 53 Dist 0.7333333333333333
238 Time 168 Dist 0.625
239 Time 96 Dist 0.43478260869565216
240 Time 97 Dist 0.3333333333333333
241 Time 21 Dist 0.42857142857142855
242 Time 299 Dist 0.26666666666666666
243 Time 44 Dist 0.5238095238095238
244 Time 38 Dist 0.5238095238095238
245 Time 349 Dist 0.391304347826087
246 Time 216 Dist 0.32142857142857145
247 Time 310 Dist 0.34615384615384615
248 Time 277 Dist 0.3333333333333333
249 Time 93 Dist 0.47058823529411764
250 Time 181 Dist 0.38461538461538464
251 Time 70 Dist 0.4230769230769231
252 Time 31 Dist 0.4230769230769231
253 Time 22 Dist 0.5882352941176471
254 Time 95 Dist 0.32
255 Time 54 Dist 0.35714285714285715
256 Time 54 Dist 0.5555555555555556
257 Time 37 Dist 0.5
258 Time 24 Dist 0.47368421052631576
259 Time 113 Dist 0.4375
260 Time 105 Dist 0.4375
261 Time 27 Dist 0.42857142857142855
262 Time 78 Dist 0.4
263 Time 15 Dist 0.4166666666666667
264 Time 74 Dist 0.4
265 Time 50 Dist 0.5263157894736842
266 Time 43 Dist 0.45
267 Time 101 Dist 0.38095238095238093
268 Time 99 Dist 0.3076923076923077
269 Time 80 Dist 0.3333333333333333
270 Time 51 Dist 0.32
271 Time 36 Dist 0.4666666666666667
272 Time 175 Dist 0.32
273 Time 54 Dist 0.4166666666666667
274 Time 82 Dist 0.36
275 Time 34 Dist 0.5333333333333333
276 Time 828 Dist 0.4117647058823529
277 Time 3800 Dist 0.3170731707317073
278 Time 6554 Dist 0.475
279 Time 1188 Dist 0.3611111111111111
280 Time 1979 Dist 0.3333333333333333
281 Time 1539 Dist 0.3611111111111111
282 Time 950 Dist 0.1891891891891892
283 Time 663 Dist 0.1891891891891892
284 Time 1735 Dist 0.275
285 Time 223 Dist 0.16666666666666666
286 Time 84 Dist 0.1875
287 Time 2247 Dist 0.21739130434782608
288 Time 2110 Dist 0.35135135135135137
289 Time 3610 Dist 0.35135135135135137
290 Time 1554 Dist 0.19047619047619047
291 Time 2444 Dist 0.1956521739130435
292 Time 1711 Dist 0.20454545454545456
293 Time 2216 Dist 0.2
294 Time 373 Dist 0.22857142857142856
295 Time 2560 Dist 0.22727272727272727
296 Time 4134 Dist 0.30952380952380953
297 Time 4236 Dist 0.2222222222222222
298 Time 148 Dist 0.375
299 Time 51 Dist 0.28125
300 Time 730 Dist 0.43333333333333335
301 Time 1848 Dist 0.4
302 Time 2655 Dist 0.22727272727272727
303 Time 571 Dist 0.29411764705882354
304 Time 740 Dist 0.30303030303030304
305 Time 703 Dist 0.3333333333333333
306 Time 324 Dist 0.18181818181818182
307 Time 406 Dist 0.25806451612903225
308 Time 748 Dist 0.2777777777777778
309 Time 40 Dist 0.32142857142857145
310 Time 25 Dist 0.17857142857142858
311 Time 1101 Dist 0.18604651162790697
312 Time 848 Dist 0.40625
313 Time 1340 Dist 0.3235294117647059
314 Time 803 Dist 0.21621621621621623
315 Time 992 Dist 0.35135135135135137
316 Time 943 Dist 0.23076923076923078
317 Time 981 Dist 0.2564102564102564
318 Time 120 Dist 0.26666666666666666
319 Time 1032 Dist 0.2894736842105263
320 Time 2248 Dist 0.35135135135135137
321 Time 2545 Dist 0.25
322 Time 118 Dist 0.3448275862068966
323 Time 55 Dist 0.2857142857142857
324 Time 3431 Dist 0.2391304347826087
325 Time 818 Dist 0.3870967741935484
326 Time 2033 Dist 0.2894736842105263
327 Time 2938 Dist 0.3170731707317073
328 Time 597 Dist 0.41935483870967744
329 Time 779 Dist 0.34375
330 Time 640 Dist 0.3333333333333333
331 Time 643 Dist 0.25806451612903225
332 Time 492 Dist 0.25806451612903225
333 Time 880 Dist 0.3142857142857143
334 Time 172 Dist 0.1935483870967742
335 Time 10 Dist 0.17857142857142858
336 Time 1109 Dist 0.24390243902439024
337 Time 688 Dist 0.40625
338 Time 1463 Dist 0.36363636363636365
339 Time 963 Dist 0.40625
340 Time 1420 Dist 0.19047619047619047
341 Time 1089 Dist 0.2
342 Time 1045 Dist 0.225
343 Time 160 Dist 0.22580645161290322
344 Time 1051 Dist 0.225
345 Time 1432 Dist 0.35135135135135137
346 Time 1914 Dist 0.28205128205128205
347 Time 192 Dist 0.3448275862068966
348 Time 45 Dist 0.2857142857142857
349 Time 2926 Dist 0.26666666666666666
350 Time 1988 Dist 0.23809523809523808
351 Time 405 Dist 0.22580645161290322
352 Time 1240 Dist 0.2222222222222222
353 Time 1495 Dist 0.1951219512195122
354 Time 605 Dist 0.3
355 Time 631 Dist 0.3103448275862069
356 Time 474 Dist 0.25806451612903225
357 Time 413 Dist 0.3076923076923077
358 Time 289 Dist 0.3076923076923077
359 Time 414 Dist 0.28125
360 Time 41 Dist 0.23076923076923078
361 Time 2 Dist 0.21739130434782608
362 Time 561 Dist 0.1794871794871795
363 Time 404 Dist 0.21212121212121213
364 Time 861 Dist 0.25
365 Time 563 Dist 0.25
366 Time 815 Dist 0.2857142857142857
367 Time 726 Dist 0.5357142857142857
368 Time 686 Dist 0.1891891891891892
369 Time 82 Dist 0.2222222222222222
370 Time 572 Dist 0.2571428571428571
371 Time 721 Dist 0.21621621621621623
372 Time 1420 Dist 0.25
373 Time 476 Dist 0.3076923076923077
374 Time 86 Dist 0.2916666666666667
375 Time 1287 Dist 0.20930232558139536
376 Time 731 Dist 0.20512820512820512
377 Time 806 Dist 0.20512820512820512
378 Time 261 Dist 0.375
379 Time 738 Dist 0.3
380 Time 834 Dist 0.29411764705882354
381 Time 401 Dist 0.3076923076923077
382 Time 382 Dist 0.5
383 Time 278 Dist 0.36
384 Time 281 Dist 0.2608695652173913
385 Time 121 Dist 0.2608695652173913
386 Time 457 Dist 0.3333333333333333
387 Time 90 Dist 0.2857142857142857
388 Time 22 Dist 0.35294117647058826
389 Time 293 Dist 0.24242424242424243
390 Time 464 Dist 0.2962962962962963
391 Time 449 Dist 0.2962962962962963
392 Time 463 Dist 0.2962962962962963
393 Time 484 Dist 0.2903225806451613
394 Time 42 Dist 0.52
395 Time 414 Dist 0.3
396 Time 100 Dist 0.4
397 Time 8 Dist 0.56
398 Time 565 Dist 0.2903225806451613
399 Time 24 Dist 0.5384615384615384
400 Time 135 Dist 0.45
401 Time 21 Dist 0.4444444444444444
402 Time 859 Dist 0.23684210526315788
403 Time 475 Dist 0.3125
404 Time 448 Dist 0.23529411764705882
405 Time 361 Dist 0.32142857142857145
14 clusters
Calculating pairwise distances for 14 clusters
Using 20 threads
Done calculating pairwise distances. Took 3034 milliseconds, 33154 in MCS
Time breakdown:
0 Time 507 Dist 0.25
1 Time 424 Dist 0.21875
2 Time 524 Dist 0.3333333333333333
3 Time 572 Dist 0.3333333333333333
4 Time 487 Dist 0.1951219512195122
5 Time 461 Dist 0.22857142857142856
6 Time 487 Dist 0.22857142857142856
7 Time 649 Dist 0.4117647058823529
8 Time 439 Dist 0.23529411764705882
9 Time 618 Dist 0.2702702702702703
10 Time 72 Dist 0.28
11 Time 107 Dist 0.23333333333333334
12 Time 170 Dist 0.34782608695652173
13 Time 173 Dist 0.2857142857142857
14 Time 116 Dist 0.2962962962962963
15 Time 1196 Dist 0.275
16 Time 1726 Dist 0.21739130434782608
17 Time 1549 Dist 0.19047619047619047
18 Time 1784 Dist 0.1956521739130435
19 Time 1563 Dist 0.2
20 Time 320 Dist 0.22857142857142856
21 Time 841 Dist 0.2777777777777778
22 Time 912 Dist 0.18604651162790697
23 Time 735 Dist 0.21621621621621623
24 Time 1283 Dist 0.35135135135135137
25 Time 746 Dist 0.2564102564102564
26 Time 112 Dist 0.26666666666666666
27 Time 2593 Dist 0.2391304347826087
28 Time 870 Dist 0.3142857142857143
29 Time 958 Dist 0.24390243902439024
30 Time 844 Dist 0.40625
31 Time 1108 Dist 0.19047619047619047
32 Time 842 Dist 0.225
33 Time 197 Dist 0.22580645161290322
34 Time 2120 Dist 0.26666666666666666
35 Time 1279 Dist 0.23809523809523808
36 Time 55 Dist 0.34615384615384615
37 Time 72 Dist 0.21212121212121213
38 Time 75 Dist 0.21428571428571427
39 Time 85 Dist 0.3448275862068966
40 Time 108 Dist 0.22580645161290322
41 Time 82 Dist 0.2857142857142857
42 Time 260 Dist 0.1794871794871795
43 Time 103 Dist 0.24242424242424243
44 Time 107 Dist 0.24242424242424243
45 Time 25 Dist 0.23809523809523808
46 Time 24 Dist 0.19230769230769232
47 Time 24 Dist 0.3157894736842105
48 Time 22 Dist 0.2
49 Time 25 Dist 0.2608695652173913
50 Time 12 Dist 0.5
51 Time 44 Dist 0.15625
52 Time 32 Dist 0.23076923076923078
53 Time 85 Dist 0.18518518518518517
54 Time 50 Dist 0.23529411764705882
55 Time 31 Dist 0.23809523809523808
56 Time 28 Dist 0.19230769230769232
57 Time 41 Dist 0.25
58 Time 78 Dist 0.2
59 Time 40 Dist 0.20833333333333334
60 Time 55 Dist 0.38461538461538464
61 Time 32 Dist 0.15625
62 Time 51 Dist 0.18518518518518517
63 Time 25 Dist 0.23076923076923078
64 Time 4 Dist 0.23529411764705882
65 Time 27 Dist 0.7142857142857143
66 Time 113 Dist 0.375
67 Time 96 Dist 0.26666666666666666
68 Time 177 Dist 0.3333333333333333
69 Time 172 Dist 0.32142857142857145
70 Time 112 Dist 0.3333333333333333
71 Time 21 Dist 0.47058823529411764
72 Time 360 Dist 0.2571428571428571
73 Time 221 Dist 0.3
74 Time 213 Dist 0.25806451612903225
75 Time 81 Dist 0.47368421052631576
76 Time 2 Dist 0.46153846153846156
77 Time 5 Dist 0.35714285714285715
78 Time 47 Dist 0.47619047619047616
79 Time 68 Dist 0.3333333333333333
80 Time 73 Dist 0.36363636363636365
81 Time 46 Dist 0.2962962962962963
82 Time 36 Dist 0.3076923076923077
83 Time 18 Dist 0.4375
84 Time 33 Dist 0.3125
85 Time 30 Dist 0.37037037037037035
86 Time 35 Dist 0.37037037037037035
87 Time 22 Dist 0.3684210526315789
88 Time 24 Dist 0.4166666666666667
89 Time 26 Dist 0.4166666666666667
90 Time 37 Dist 0.5
7 clusters
