This is pdfTeX, Version 3.1415926-2.4-1.40.13 (TeX Live 2012) (format=pdflatex 2012.6.30)  23 MAY 2014 14:05
entering extended mode
 restricted \write18 enabled.
 %&-line parsing enabled.
**6100_writeup.tex
(./6100_writeup.tex
LaTeX2e <2011/06/27>
Babel <v3.8m> and hyphenation patterns for english, dumylang, nohyphenation, ge
rman-x-2012-05-30, ngerman-x-2012-05-30, afrikaans, ancientgreek, ibycus, arabi
c, armenian, basque, bulgarian, catalan, pinyin, coptic, croatian, czech, danis
h, dutch, ukenglish, usenglishmax, esperanto, estonian, ethiopic, farsi, finnis
h, french, friulan, galician, german, ngerman, swissgerman, monogreek, greek, h
ungarian, icelandic, assamese, bengali, gujarati, hindi, kannada, malayalam, ma
rathi, oriya, panjabi, tamil, telugu, indonesian, interlingua, irish, italian, 
kurmanji, latin, latvian, lithuanian, mongolian, mongolianlmc, bokmal, nynorsk,
 polish, portuguese, romanian, romansh, russian, sanskrit, serbian, serbianc, s
lovak, slovenian, spanish, swedish, turkish, turkmen, ukrainian, uppersorbian, 
welsh, loaded.
(/usr/local/texlive/2012/texmf-dist/tex/latex/koma-script/scrartcl.cls
Document Class: scrartcl 2012/05/15 v3.11 KOMA-Script document class (article)
(/usr/local/texlive/2012/texmf-dist/tex/latex/koma-script/scrkbase.sty
Package: scrkbase 2012/05/15 v3.11 KOMA-Script package (KOMA-Script-dependent b
asics and keyval usage)

(/usr/local/texlive/2012/texmf-dist/tex/latex/koma-script/scrbase.sty
Package: scrbase 2012/05/15 v3.11 KOMA-Script package (KOMA-Script-independent 
basics and keyval usage)

(/usr/local/texlive/2012/texmf-dist/tex/latex/graphics/keyval.sty
Package: keyval 1999/03/16 v1.13 key=value parser (DPC)
\KV@toks@=\toks14
)
(/usr/local/texlive/2012/texmf-dist/tex/latex/koma-script/scrlfile.sty
Package: scrlfile 2011/03/09 v3.09 KOMA-Script package (loading files)

Package scrlfile, 2011/03/09 v3.09 KOMA-Script package (loading files)
                  Copyright (C) Markus Kohm

))) (/usr/local/texlive/2012/texmf-dist/tex/latex/koma-script/tocbasic.sty
Package: tocbasic 2012/04/04 v3.10b KOMA-Script package (handling toc-files)
)
Package tocbasic Info: omitting babel extension for `toc'
(tocbasic)             because of feature `nobabel' available
(tocbasic)             for `toc' on input line 115.
Package tocbasic Info: omitting babel extension for `lof'
(tocbasic)             because of feature `nobabel' available
(tocbasic)             for `lof' on input line 116.
Package tocbasic Info: omitting babel extension for `lot'
(tocbasic)             because of feature `nobabel' available
(tocbasic)             for `lot' on input line 117.
Class scrartcl Info: File `scrsize12pt.clo' used to setup font sizes on input l
ine 1265.

(/usr/local/texlive/2012/texmf-dist/tex/latex/koma-script/scrsize12pt.clo
File: scrsize12pt.clo 2012/05/15 v3.11 KOMA-Script font size class option (12pt
)
)
(/usr/local/texlive/2012/texmf-dist/tex/latex/koma-script/typearea.sty
Package: typearea 2012/05/15 v3.11 KOMA-Script package (type area)

Package typearea, 2012/05/15 v3.11 KOMA-Script package (type area)
                  Copyright (C) Frank Neukam, 1992-1994
                  Copyright (C) Markus Kohm, 1994-

\ta@bcor=\skip41
\ta@div=\count79
\ta@hblk=\skip42
\ta@vblk=\skip43
\ta@temp=\skip44
DIV calculation for typearea with good linewidth.

Package typearea Warning: Maybe no optimal type area settings!
(typearea)                The maximum limit of line width is about 33%
(typearea)                larger than the heuristically detected line width.
(typearea)                You may e.g. increase DIV, decrease fontsize
(typearea)                or change the papersize.

Package typearea Info: These are the values describing the layout:
(typearea)             DIV  = 19
(typearea)             BCOR = 0.0pt
(typearea)             \paperwidth      = 597.50793pt
(typearea)              \textwidth      = 503.16458pt
(typearea)              DIV departure   = 33%
(typearea)              \evensidemargin = -25.09831pt
(typearea)              \oddsidemargin  = -25.09831pt
(typearea)             \paperheight     = 845.04694pt
(typearea)              \textheight     = 722.5pt
(typearea)              \topmargin      = -67.66884pt
(typearea)              \headheight     = 18.125pt
(typearea)              \headsep        = 21.75pt
(typearea)              \topskip        = 12.0pt
(typearea)              \footskip       = 50.75pt
(typearea)              \baselineskip   = 14.5pt
(typearea)              on input line 1211.
)
\c@part=\count80
\c@section=\count81
\c@subsection=\count82
\c@subsubsection=\count83
\c@paragraph=\count84
\c@subparagraph=\count85
\abovecaptionskip=\skip45
\belowcaptionskip=\skip46
\c@pti@nb@sid@b@x=\box26
\c@figure=\count86
\c@table=\count87
\bibindent=\dimen102
) (/usr/local/texlive/2012/texmf-dist/tex/latex/lipsum/lipsum.sty
Package: lipsum 2011/04/14 v1.2 150 paragraphs of Lorem Ipsum dummy text
\c@lips@count=\count88
)
(/usr/local/texlive/2012/texmf-dist/tex/generic/babel/babel.sty
Package: babel 2008/07/08 v3.8m The Babel package

(/usr/local/texlive/2012/texmf-dist/tex/generic/babel/english.ldf
Language: english 2005/03/30 v3.3o English support from the babel system

(/usr/local/texlive/2012/texmf-dist/tex/generic/babel/babel.def
File: babel.def 2008/07/08 v3.8m Babel common definitions
\babel@savecnt=\count89
\U@D=\dimen103
)
\l@canadian = a dialect from \language\l@american 
\l@australian = a dialect from \language\l@british 
\l@newzealand = a dialect from \language\l@british 
))
(/usr/local/texlive/2012/texmf-dist/tex/latex/microtype/microtype.sty
Package: microtype 2010/01/10 v2.4 Micro-typography with pdfTeX (RS)
\MT@toks=\toks15
\MT@count=\count90
LaTeX Info: Redefining \lsstyle on input line 1597.
LaTeX Info: Redefining \lslig on input line 1597.
\MT@outer@space=\skip47
LaTeX Info: Redefining \textls on input line 1605.
\MT@outer@kern=\dimen104
LaTeX Info: Redefining \textmicrotypecontext on input line 2156.
Package microtype Info: Loading configuration file microtype.cfg.

(/usr/local/texlive/2012/texmf-dist/tex/latex/microtype/microtype.cfg
File: microtype.cfg 2010/01/10 v2.4 microtype main configuration file (RS)
))
(/usr/local/texlive/2012/texmf-dist/tex/latex/amsmath/amsmath.sty
Package: amsmath 2000/07/18 v2.13 AMS math features
\@mathmargin=\skip48

For additional information on amsmath, use the `?' option.
(/usr/local/texlive/2012/texmf-dist/tex/latex/amsmath/amstext.sty
Package: amstext 2000/06/29 v2.01

(/usr/local/texlive/2012/texmf-dist/tex/latex/amsmath/amsgen.sty
File: amsgen.sty 1999/11/30 v2.0
\@emptytoks=\toks16
\ex@=\dimen105
))
(/usr/local/texlive/2012/texmf-dist/tex/latex/amsmath/amsbsy.sty
Package: amsbsy 1999/11/29 v1.2d
\pmbraise@=\dimen106
)
(/usr/local/texlive/2012/texmf-dist/tex/latex/amsmath/amsopn.sty
Package: amsopn 1999/12/14 v2.01 operator names
)
\inf@bad=\count91
LaTeX Info: Redefining \frac on input line 211.
\uproot@=\count92
\leftroot@=\count93
LaTeX Info: Redefining \overline on input line 307.
\classnum@=\count94
\DOTSCASE@=\count95
LaTeX Info: Redefining \ldots on input line 379.
LaTeX Info: Redefining \dots on input line 382.
LaTeX Info: Redefining \cdots on input line 467.
\Mathstrutbox@=\box27
\strutbox@=\box28
\big@size=\dimen107
LaTeX Font Info:    Redeclaring font encoding OML on input line 567.
LaTeX Font Info:    Redeclaring font encoding OMS on input line 568.
\macc@depth=\count96
\c@MaxMatrixCols=\count97
\dotsspace@=\muskip10
\c@parentequation=\count98
\dspbrk@lvl=\count99
\tag@help=\toks17
\row@=\count100
\column@=\count101
\maxfields@=\count102
\andhelp@=\toks18
\eqnshift@=\dimen108
\alignsep@=\dimen109
\tagshift@=\dimen110
\tagwidth@=\dimen111
\totwidth@=\dimen112
\lineht@=\dimen113
\@envbody=\toks19
\multlinegap=\skip49
\multlinetaggap=\skip50
\mathdisplay@stack=\toks20
LaTeX Info: Redefining \[ on input line 2666.
LaTeX Info: Redefining \] on input line 2667.
)
(/usr/local/texlive/2012/texmf-dist/tex/latex/amsfonts/amsfonts.sty
Package: amsfonts 2009/06/22 v3.00 Basic AMSFonts support
\symAMSa=\mathgroup4
\symAMSb=\mathgroup5
LaTeX Font Info:    Overwriting math alphabet `\mathfrak' in version `bold'
(Font)                  U/euf/m/n --> U/euf/b/n on input line 96.
)
(/usr/local/texlive/2012/texmf-dist/tex/latex/amscls/amsthm.sty
Package: amsthm 2009/07/02 v2.20.1
\thm@style=\toks21
\thm@bodyfont=\toks22
\thm@headfont=\toks23
\thm@notefont=\toks24
\thm@headpunct=\toks25
\thm@preskip=\skip51
\thm@postskip=\skip52
\thm@headsep=\skip53
\dth@everypar=\toks26
)
(/usr/local/texlive/2012/texmf-dist/tex/latex/xcolor/xcolor.sty
Package: xcolor 2007/01/21 v2.11 LaTeX color extensions (UK)

(/usr/local/texlive/2012/texmf-dist/tex/latex/latexconfig/color.cfg
File: color.cfg 2007/01/18 v1.5 color configuration of teTeX/TeXLive
)
Package xcolor Info: Driver file: pdftex.def on input line 225.

(/usr/local/texlive/2012/texmf-dist/tex/latex/pdftex-def/pdftex.def
File: pdftex.def 2011/05/27 v0.06d Graphics/color for pdfTeX

(/usr/local/texlive/2012/texmf-dist/tex/generic/oberdiek/infwarerr.sty
Package: infwarerr 2010/04/08 v1.3 Providing info/warning/error messages (HO)
)
(/usr/local/texlive/2012/texmf-dist/tex/generic/oberdiek/ltxcmds.sty
Package: ltxcmds 2011/11/09 v1.22 LaTeX kernel commands for general use (HO)
)
\Gread@gobject=\count103
)
Package xcolor Info: Model `cmy' substituted by `cmy0' on input line 1337.
Package xcolor Info: Model `hsb' substituted by `rgb' on input line 1341.
Package xcolor Info: Model `RGB' extended on input line 1353.
Package xcolor Info: Model `HTML' substituted by `rgb' on input line 1355.
Package xcolor Info: Model `Hsb' substituted by `hsb' on input line 1356.
Package xcolor Info: Model `tHsb' substituted by `hsb' on input line 1357.
Package xcolor Info: Model `HSB' substituted by `hsb' on input line 1358.
Package xcolor Info: Model `Gray' substituted by `gray' on input line 1359.
Package xcolor Info: Model `wave' substituted by `hsb' on input line 1360.

(/usr/local/texlive/2012/texmf-dist/tex/latex/xcolor/svgnam.def
File: svgnam.def 2007/01/21 v2.11 Predefined colors according to SVG 1.1 (UK)
))
(/usr/local/texlive/2012/texmf-dist/tex/latex/caption/caption.sty
Package: caption 2012/02/19 v3.2f Customizing captions (AR)

(/usr/local/texlive/2012/texmf-dist/tex/latex/caption/caption3.sty
Package: caption3 2012/01/12 v1.4b caption3 kernel (AR)
\captionmargin=\dimen114
\captionmargin@=\dimen115
\captionwidth=\dimen116
\caption@indent=\dimen117
\caption@parindent=\dimen118
\caption@hangindent=\dimen119
)
Package caption Info: KOMA-Script document class.
\c@ContinuedFloat=\count104
)
(/usr/local/texlive/2012/texmf-dist/tex/latex/booktabs/booktabs.sty
Package: booktabs 2005/04/14 v1.61803 publication quality tables
\heavyrulewidth=\dimen120
\lightrulewidth=\dimen121
\cmidrulewidth=\dimen122
\belowrulesep=\dimen123
\belowbottomsep=\dimen124
\aboverulesep=\dimen125
\abovetopsep=\dimen126
\cmidrulesep=\dimen127
\cmidrulekern=\dimen128
\defaultaddspace=\dimen129
\@cmidla=\count105
\@cmidlb=\count106
\@aboverulesep=\dimen130
\@belowrulesep=\dimen131
\@thisruleclass=\count107
\@lastruleclass=\count108
\@thisrulewidth=\dimen132
)
(/usr/local/texlive/2012/texmf-dist/tex/latex/base/fix-cm.sty
Package: fix-cm 2006/09/13 v1.1m fixes to LaTeX

(/usr/local/texlive/2012/texmf-dist/tex/latex/base/ts1enc.def
File: ts1enc.def 2001/06/05 v3.0e (jk/car/fm) Standard LaTeX file
))
(/usr/local/texlive/2012/texmf-dist/tex/latex/sectsty/sectsty.sty
Package: sectsty 2002/02/25 v2.0.2 Commands to change all sectional heading sty
les
)
(/usr/local/texlive/2012/texmf-dist/tex/latex/fancyhdr/fancyhdr.sty
\fancy@headwidth=\skip54
\f@ncyO@elh=\skip55
\f@ncyO@erh=\skip56
\f@ncyO@olh=\skip57
\f@ncyO@orh=\skip58
\f@ncyO@elf=\skip59
\f@ncyO@erf=\skip60
\f@ncyO@olf=\skip61
\f@ncyO@orf=\skip62
)
(/usr/local/texlive/2012/texmf-dist/tex/latex/lastpage/lastpage.sty
Package: lastpage 2011/09/01 v1.2k Refers to last page's name (HMM; JPG)
)
(/usr/local/texlive/2012/texmf-dist/tex/latex/lettrine/lettrine.sty
File: lettrine.sty 2007/08/08 v1.62 (Daniel Flipo)
\c@DefaultLines=\count109
\DefaultFindent=\dimen133
\DefaultNindent=\dimen134
\DefaultSlope=\dimen135
\L@lbox=\box29
\L@tbox=\box30
\c@L@lines=\count110
\L@Pindent=\dimen136
\L@Findent=\dimen137
\L@Nindent=\dimen138
\L@lraise=\dimen139
\L@first=\dimen140
\L@next=\dimen141
\L@slope=\dimen142
\L@height=\dimen143
\LettrineWidth=\dimen144

Loading lettrine.cfg
(/usr/local/texlive/2012/texmf-dist/tex/latex/lettrine/lettrine.cfg))
(/usr/local/texlive/2012/texmf-dist/tex/latex/titling/titling.sty
Package: titling 2009/09/04 v2.1d maketitle typesetting
\thanksmarkwidth=\skip63
\thanksmargin=\skip64
\droptitle=\skip65
)
No file 6100_writeup.aux.
\openout1 = `6100_writeup.aux'.

LaTeX Font Info:    Checking defaults for OML/cmm/m/it on input line 85.
LaTeX Font Info:    ... okay on input line 85.
LaTeX Font Info:    Checking defaults for T1/cmr/m/n on input line 85.
LaTeX Font Info:    ... okay on input line 85.
LaTeX Font Info:    Checking defaults for OT1/cmr/m/n on input line 85.
LaTeX Font Info:    ... okay on input line 85.
LaTeX Font Info:    Checking defaults for OMS/cmsy/m/n on input line 85.
LaTeX Font Info:    ... okay on input line 85.
LaTeX Font Info:    Checking defaults for OMX/cmex/m/n on input line 85.
LaTeX Font Info:    ... okay on input line 85.
LaTeX Font Info:    Checking defaults for U/cmr/m/n on input line 85.
LaTeX Font Info:    ... okay on input line 85.
LaTeX Font Info:    Checking defaults for TS1/cmr/m/n on input line 85.
LaTeX Font Info:    ... okay on input line 85.
LaTeX Info: Redefining \microtypecontext on input line 85.
Package microtype Info: Generating PDF output.
Package microtype Info: Character protrusion enabled (level 2).
Package microtype Info: Using default protrusion set `alltext'.
Package microtype Info: Automatic font expansion enabled (level 2),
(microtype)             stretch: 20, shrink: 20, step: 1, non-selected.
Package microtype Info: Using default expansion set `basictext'.
Package microtype Info: No tracking.
Package microtype Info: No adjustment of interword spacing.
Package microtype Info: No adjustment of character kerning.
(/usr/local/texlive/2012/texmf-dist/tex/latex/microtype/mt-cmr.cfg
File: mt-cmr.cfg 2009/11/09 v2.0 microtype config. file: Computer Modern Roman 
(RS)
)
(/usr/local/texlive/2012/texmf-dist/tex/context/base/supp-pdf.mkii
[Loading MPS to PDF converter (version 2006.09.02).]
\scratchcounter=\count111
\scratchdimen=\dimen145
\scratchbox=\box31
\nofMPsegments=\count112
\nofMParguments=\count113
\everyMPshowfont=\toks27
\MPscratchCnt=\count114
\MPscratchDim=\dimen146
\MPnumerator=\count115
\makeMPintoPDFobject=\count116
\everyMPtoPDFconversion=\toks28
)
Package caption Info: Begin \AtBeginDocument code.
Package caption Info: End \AtBeginDocument code.
Package lastpage Info: Please have a look at the pageslts package at
(lastpage)             http://www.ctan.org/tex-archive/ 
(lastpage)             macros/latex/contrib/pageslts/ 
(lastpage)             or
(lastpage)             http://www.ctan.org/tex-archive/ 
(lastpage)             install/macros/latex/contrib/pageslts.tds.zip
(lastpage)             ! on input line 85.
LaTeX Font Info:    Try loading font information for OT1+phv on input line 87.
 (/usr/local/texlive/2012/texmf-dist/tex/latex/psnfss/ot1phv.fd
File: ot1phv.fd 2001/06/04 scalable font definitions for OT1/phv.
)
LaTeX Font Info:    Try loading font information for U+msa on input line 96.

(/usr/local/texlive/2012/texmf-dist/tex/latex/amsfonts/umsa.fd
File: umsa.fd 2009/06/22 v3.00 AMS symbols A
)
(/usr/local/texlive/2012/texmf-dist/tex/latex/microtype/mt-msa.cfg
File: mt-msa.cfg 2006/02/04 v1.1 microtype config. file: AMS symbols (a) (RS)
)
LaTeX Font Info:    Try loading font information for U+msb on input line 96.

(/usr/local/texlive/2012/texmf-dist/tex/latex/amsfonts/umsb.fd
File: umsb.fd 2009/06/22 v3.00 AMS symbols B
)
(/usr/local/texlive/2012/texmf-dist/tex/latex/microtype/mt-msb.cfg
File: mt-msb.cfg 2005/06/01 v1.0 microtype config. file: AMS symbols (b) (RS)
)
Underfull \hbox (badness 1389) in paragraph at lines 96--97
$[]$[]\OT1/cmr/bx/n/12 his semester I have con-tin-ued a
 []


Underfull \hbox (badness 1824) in paragraph at lines 96--97
\OT1/cmr/bx/n/12 a post-doctoral re-searcher, Noah
 []


Underfull \hbox (badness 10000) in paragraph at lines 104--108

 []


Underfull \hbox (badness 5288) in paragraph at lines 104--108
\OT1/cmr/m/n/12 (+20) Recently re-searchers have started to use
 []


Underfull \hbox (badness 10000) in paragraph at lines 113--117

 []


Underfull \hbox (badness 1715) in paragraph at lines 127--130
\OT1/cmr/m/n/12 (+20) to cal-cu-late MCS. Un-for-tu-natley find-ing a
 []


Underfull \hbox (badness 10000) in paragraph at lines 127--130

 []


Underfull \hbox (badness 1132) in paragraph at lines 127--130
\OT1/cmr/m/n/12 (+20) Since sim-ple SMS tech-niques run in lin-ear
 []


Underfull \vbox (badness 2617) has occurred while \output is active []



LaTeX Warning: Reference `LastPage' on page 1 undefined on input line 130.

[1{/usr/local/texlive/2012/texmf-var/fonts/map/pdftex/updmap/pdftex.map}


]
Overfull \hbox (5.92267pt too wide) detected at line 131
[] \OT1/cmr/m/n/12 = [] \OMS/cmsy/m/n/12 ^^C [] ^^C [] ^^C []
 []


Underfull \hbox (badness 10000) in paragraph at lines 137--144

 []


Underfull \hbox (badness 3803) in paragraph at lines 137--144
\OT1/cmr/m/n/12 (+20) The first ap-proach tried was to reim-ple-
 []


Underfull \hbox (badness 10000) in paragraph at lines 137--144

 []


Underfull \hbox (badness 1178) in paragraph at lines 137--144
\OT1/cmr/m/n/12 (+20) The sec-ond ap-proach tried was the SMSD
 []


Underfull \hbox (badness 10000) in paragraph at lines 137--144

 []


Underfull \hbox (badness 1796) in paragraph at lines 137--144
\OT1/cmr/m/n/12 (+20) The third ap-proach we plan to use as a
 []

Missing character: There is no â in font cmr12!
Missing character: There is no € in font cmr12!
Missing character: There is no “ in font cmr12!
Missing character: There is no â in font cmr12!
Missing character: There is no € in font cmr12!
Missing character: There is no “ in font cmr12!

Underfull \hbox (badness 1735) in paragraph at lines 155--177
\OT1/cmr/m/n/12 (+20) a com-pres-sion schema that would pro-duce
 []


Underfull \hbox (badness 10000) in paragraph at lines 155--177

 []


Underfull \hbox (badness 1565) in paragraph at lines 155--177
\OT1/cmr/m/n/12 (+20) Once we had an ap-proach to search-ing a
 []


Underfull \hbox (badness 1436) in paragraph at lines 155--177
\OT1/cmr/m/n/12 (+20) molecules would need to over-lap with one
 []


Underfull \hbox (badness 10000) in paragraph at lines 155--177

 []


Underfull \hbox (badness 2042) in paragraph at lines 155--177
\OT1/cmr/m/n/12 (+20) Using MCS to match molecules in coarse
 []


Underfull \hbox (badness 1371) in paragraph at lines 155--177
\OT1/cmr/m/n/12 (+20) and fine search was a key re-quire-ment so
 []


Underfull \hbox (badness 10000) in paragraph at lines 155--177

 []


Underfull \hbox (badness 1983) in paragraph at lines 155--177
\OT1/cmr/m/n/12 (+20) We de-vel-oped sev-eral dif-fer-ent com-pres-sion
 []


Underfull \hbox (badness 1590) in paragraph at lines 155--177
\OT1/cmr/m/n/12 (+20) hy-dro-gens from molecules be-fore pro-duc-ing
 []


Underfull \hbox (badness 1348) in paragraph at lines 155--177
\OT1/cmr/m/n/12 (+20) graph rep-re-sen-ta-tions. Hy-dro-gens tend to
 []


Underfull \hbox (badness 1448) in paragraph at lines 155--177
\OT1/cmr/m/n/12 (+20) be chem-i-cally un-in-ter-est-ing, vastly in-crease
 []


Underfull \hbox (badness 10000) in paragraph at lines 155--177

 []


Underfull \hbox (badness 5726) in paragraph at lines 155--177
\OT1/cmr/m/n/12 (+20) Our ear-li-est and most generic tech-nique
 []


Underfull \hbox (badness 3098) in paragraph at lines 155--177
\OT1/cmr/m/n/12 (+20) molecules were grouped into large groups
 []


Underfull \hbox (badness 10000) in paragraph at lines 155--177

 []


Underfull \hbox (badness 3884) in paragraph at lines 155--177
\OT1/cmr/m/n/12 (+20) The sec-ond clus-ter-ing tech-nique we tried
 []


Underfull \hbox (badness 10000) in paragraph at lines 155--177

 []


Underfull \hbox (badness 2744) in paragraph at lines 155--177
\OT1/cmr/m/n/12 (+20) After the ini-tial graph rep-re-sen-ta-tion was
 []


Underfull \hbox (badness 1769) in paragraph at lines 155--177
\OT1/cmr/m/n/12 (+20) was re-peated it-er-a-tively un-til it con-verged.
 []


Underfull \hbox (badness 1248) in paragraph at lines 155--177
\OT1/cmr/m/n/12 (+20) Molecules that were acyclic (many alka-nes,
 []


Underfull \hbox (badness 10000) in paragraph at lines 155--177

 []


Underfull \hbox (badness 10000) in paragraph at lines 155--177

 []


Underfull \hbox (badness 3428) in paragraph at lines 155--177
\OT1/cmr/m/n/12 (+20) Building off this suc-cess we de-vel-oped a
 []


Underfull \hbox (badness 10000) in paragraph at lines 155--177

 []


Underfull \hbox (badness 4967) in paragraph at lines 155--177
\OT1/cmr/m/n/12 (+20) Once we had com-pres-sion schema which
 []


Underfull \hbox (badness 10000) in paragraph at lines 155--177

 []


Underfull \hbox (badness 1242) in paragraph at lines 155--177
\OT1/cmr/m/n/12 (+20) Our third tech-nique fell flat here. There
 []


Underfull \hbox (badness 1215) in paragraph at lines 155--177
\OT1/cmr/m/n/12 (+20) was no cor-re-la-tion what-so-ever be-tween the
 []


Underfull \hbox (badness 1655) in paragraph at lines 155--177
\OT1/cmr/m/n/12 (+20) Since it had rea-son-able com-pres-sion ra-tios
 []


LaTeX Warning: Reference `LastPage' on page 2 undefined on input line 177.

[2]

LaTeX Warning: Reference `LastPage' on page 3 undefined on input line 177.

[3]
Underfull \hbox (badness 10000) in paragraph at lines 179--186

 []


Underfull \hbox (badness 3039) in paragraph at lines 179--186
\OT1/cmr/m/n/12 (+20) This hash was used to im-prove com-pres-
 []


Underfull \hbox (badness 10000) in paragraph at lines 179--186

 []


Underfull \hbox (badness 2735) in paragraph at lines 179--186
\OT1/cmr/m/n/12 (+20) Finally the en-try in the hashtable where
 []


Underfull \hbox (badness 1910) in paragraph at lines 179--186
\OT1/cmr/m/n/12 (+20) the query struc-ture was hashed would be
 []


Underfull \hbox (badness 2269) in paragraph at lines 179--186
\OT1/cmr/m/n/12 (+20) it-er-a-tively searched for any struc-ture that
 []


Underfull \hbox (badness 10000) in paragraph at lines 179--186

 []


Underfull \hbox (badness 3590) in paragraph at lines 179--186
\OT1/cmr/m/n/12 (+20) Once the en-tire set of molecules in the
 []


Underfull \hbox (badness 10000) in paragraph at lines 187--194

 []


Underfull \hbox (badness 2343) in paragraph at lines 187--194
\OT1/cmr/m/n/12 (+20) Simple SMS tech-niques only re-quire users
 []


Underfull \hbox (badness 10000) in paragraph at lines 187--194

 []


Underfull \hbox (badness 1584) in paragraph at lines 187--194
\OT1/cmr/m/n/12 (+20) In all cases a higher thresh-old will re-sult
 []


Underfull \hbox (badness 1552) in paragraph at lines 187--194
\OT1/cmr/m/n/12 (+20) is be-cause a MCS needs to be cal-cu-lated
 []


Underfull \hbox (badness 1466) in paragraph at lines 187--194
\OT1/cmr/m/n/12 (+20) be-tween the query-representative and ev-ery
 []


Underfull \hbox (badness 10000) in paragraph at lines 187--194

 []


Underfull \hbox (badness 5878) in paragraph at lines 187--194
\OT1/cmr/m/n/12 (+20) Informally the size of the rep-re-sen-ta-tive
 []


Underfull \hbox (badness 1867) in paragraph at lines 187--194
\OT1/cmr/m/n/12 (+20) dpend-ing on the com-pres-sion ra-tio of the
 []


Underfull \vbox (badness 3646) has occurred while \output is active []



LaTeX Warning: Reference `LastPage' on page 4 undefined on input line 194.

[4]
Underfull \hbox (badness 10000) in paragraph at lines 195--198

 []


Underfull \hbox (badness 10000) in paragraph at lines 195--198
\OT1/cmr/m/n/12 (+20) The clus-ter-ing tech-nique I've de-vel-oped
 []


Underfull \hbox (badness 1895) in paragraph at lines 199--214
\OT1/cmr/m/n/12 (+20) based off of sim-i-lar-i-ties in their struc-ture.
 []


Underfull \hbox (badness 10000) in paragraph at lines 199--214

 []


Underfull \hbox (badness 10000) in paragraph at lines 199--214

 []


Underfull \hbox (badness 4416) in paragraph at lines 199--214
\OT1/cmr/m/n/12 (+20) Certain clus-ter-ing tech-niques only re-quire
 []


Underfull \hbox (badness 10000) in paragraph at lines 199--214

 []


Underfull \hbox (badness 4366) in paragraph at lines 199--214
\OT1/cmr/m/n/12 (+20) Like many greedy ap-proaches ag-gre-ga-tion
 []


Underfull \hbox (badness 1694) in paragraph at lines 199--214
\OT1/cmr/m/n/12 (+20) clus-ter-ing can pro-duce lo-cally op-ti-mal but
 []


Underfull \hbox (badness 1033) in paragraph at lines 199--214
\OT1/cmr/m/n/12 (+20) glob-ally sub-op-ti-mal re-sults. A sub-op-ti-mal
 []


Underfull \hbox (badness 10000) in paragraph at lines 199--214

 []


Underfull \hbox (badness 1838) in paragraph at lines 199--214
\OT1/cmr/m/n/12 (+20) We am-me-lio-rated this is-sue by cre-at-ing a
 []


Underfull \hbox (badness 10000) in paragraph at lines 199--214

 []


Underfull \hbox (badness 5431) in paragraph at lines 199--214
\OT1/cmr/m/n/12 (+20) The pair-wise dis-tance func-tion we chose
 []


Underfull \hbox (badness 10000) in paragraph at lines 199--214

 []


Underfull \hbox (badness 2261) in paragraph at lines 199--214
\OT1/cmr/m/n/12 (+20) Using MCS as cen-troids also sug-gested a
 []


Underfull \hbox (badness 1755) in paragraph at lines 199--214
\OT1/cmr/m/n/12 (+20) nat-u-ral way to per-form mul-ti-ple lay-ers of
 []


Underfull \hbox (badness 10000) in paragraph at lines 199--214

 []


LaTeX Warning: Reference `LastPage' on page 5 undefined on input line 214.

[5]
Underfull \hbox (badness 2671) in paragraph at lines 217--226
\OT1/cmr/m/n/12 (+20) In prin-ci-ple checked ag-gre-ga-tion clus-ter-ing
 []


Underfull \hbox (badness 1043) in paragraph at lines 217--226
\OT1/cmr/m/n/12 (+20) pair of el-e-ments it re-quires $\OML/cmm/m/it/12 O\OT1/c
mr/m/n/12 (+20) (\OML/cmm/m/it/12 n[]\OT1/cmr/m/n/12 (+20) )$ dis-tance
 []


Underfull \hbox (badness 1418) in paragraph at lines 217--226
\OT1/cmr/m/n/12 (+20) be-tween two molecules us-ing MCS is slow
 []


Underfull \hbox (badness 1038) in paragraph at lines 217--226
\OT1/cmr/m/n/12 (+20) ag-gre-ga-tion clus-ter-ing is in-fea-si-ble on large
 []


Underfull \hbox (badness 10000) in paragraph at lines 217--226

 []


Underfull \hbox (badness 10000) in paragraph at lines 217--226

 []


Underfull \hbox (badness 10000) in paragraph at lines 217--226

 []


Underfull \hbox (badness 1314) in paragraph at lines 217--226
\OT1/cmr/m/n/12 (+20) Because the pro-cess of cre-at-ing clus-ters is
 []


Underfull \hbox (badness 3058) in paragraph at lines 217--226
\OT1/cmr/m/n/12 (+20) quite slow us-ing our com-pres-sion method
 []


Underfull \hbox (badness 10000) in paragraph at lines 217--226

 []


Underfull \hbox (badness 1478) in paragraph at lines 217--226
\OT1/cmr/m/n/12 (+20) Producing clus-ters re-quires a thresh-old for
 []


Underfull \hbox (badness 10000) in paragraph at lines 229--236

 []


Underfull \hbox (badness 10000) in paragraph at lines 229--236

 []


Underfull \hbox (badness 1173) in paragraph at lines 229--236
\OT1/cmr/m/n/12 (+20) Searching clus-ters re-quires a user to in-put
 []


Underfull \hbox (badness 1983) in paragraph at lines 229--236
\OT1/cmr/m/n/12 (+20) search-ing a com-pressed database. Higher
 []


Underfull \hbox (badness 10000) in paragraph at lines 229--236

 []


Underfull \hbox (badness 2744) in paragraph at lines 229--236
\OT1/cmr/m/n/12 (+20) In the best case search-ing a Heirar-chi-cal
 []


Underfull \hbox (badness 1708) in paragraph at lines 229--236
\OT1/cmr/m/n/12 (+20) Clus-ter-ing is $\OML/cmm/m/it/12 O\OT1/cmr/m/n/12 (+20) 
([](\OML/cmm/m/it/12 n\OT1/cmr/m/n/12 (+20) ))$ in the size of the
 []


LaTeX Warning: Reference `LastPage' on page 6 undefined on input line 236.

[6]
Underfull \hbox (badness 10000) in paragraph at lines 238--243

 []


Underfull \hbox (badness 1527) in paragraph at lines 238--243
\OT1/cmr/m/n/12 (+20) We are also work-ing to in-te-grate a faster
 []


Underfull \hbox (badness 10000) in paragraph at lines 238--243

 []


Underfull \hbox (badness 3590) in paragraph at lines 238--243
\OT1/cmr/m/n/12 (+20) Once I have large scale timed runs the
 []


Underfull \hbox (badness 10000) in paragraph at lines 252--253
[]
 []


Underfull \hbox (badness 10000) in paragraph at lines 252--253
\OT1/cmr/m/n/12 (+20) fm-csR: Mis-match Tol-er-ant Max-i-mum
 []


Overfull \hbox (160.04965pt too wide) in paragraph at lines 255--257
[]
 []


Underfull \hbox (badness 10000) in paragraph at lines 259--261
[]
 []


Underfull \hbox (badness 5924) in paragraph at lines 259--261
\OT1/cmr/m/n/12 (+20) Global align-ment of mul-ti-ple pro-tein
 []


Package lastpage Warning: Rerun to get the references right on input line 265.


AED: lastpage setting LastPage

LaTeX Warning: Reference `LastPage' on page 7 undefined on input line 265.

[7

] (./6100_writeup.aux)

LaTeX Warning: There were undefined references.


LaTeX Warning: Label(s) may have changed. Rerun to get cross-references right.

 ) 
Here is how much of TeX's memory you used:
 7342 strings out of 493488
 113398 string characters out of 3141326
 337020 words of memory out of 3000000
 10459 multiletter control sequences out of 15000+200000
 25693 words of font info for 106 fonts, out of 3000000 for 9000
 957 hyphenation exceptions out of 8191
 40i,11n,47p,1358b,315s stack positions out of 5000i,500n,10000p,200000b,50000s
{/usr/local/texlive/2012/texmf-dist/fonts/enc/dvips/base/8r.enc}</usr/local/t
exlive/2012/texmf-dist/fonts/type1/public/amsfonts/cm/cmbx10.pfb></usr/local/te
xlive/2012/texmf-dist/fonts/type1/public/amsfonts/cm/cmbx12.pfb></usr/local/tex
live/2012/texmf-dist/fonts/type1/public/amsfonts/cm/cmmi12.pfb></usr/local/texl
ive/2012/texmf-dist/fonts/type1/public/amsfonts/cm/cmr10.pfb></usr/local/texliv
e/2012/texmf-dist/fonts/type1/public/amsfonts/cm/cmr12.pfb></usr/local/texlive/
2012/texmf-dist/fonts/type1/public/amsfonts/cm/cmr8.pfb></usr/local/texlive/201
2/texmf-dist/fonts/type1/public/amsfonts/cm/cmss17.pfb></usr/local/texlive/2012
/texmf-dist/fonts/type1/public/amsfonts/cm/cmsy10.pfb></usr/local/texlive/2012/
texmf-dist/fonts/type1/urw/helvetic/uhvb8a.pfb></usr/local/texlive/2012/texmf-d
ist/fonts/type1/urw/helvetic/uhvbo8a.pfb></usr/local/texlive/2012/texmf-dist/fo
nts/type1/urw/helvetic/uhvro8a.pfb>
Output written on 6100_writeup.pdf (7 pages, 138624 bytes).
PDF statistics:
 73 PDF objects out of 1000 (max. 8388607)
 52 compressed objects within 1 object stream
 0 named destinations out of 1000 (max. 500000)
 22017 words of extra memory for PDF output out of 24883 (max. 10000000)

